TN:
SF:src\App.css
FNF:0
FNH:0
LF:0
LH:0
BRF:0
BRH:0
end_of_record
TN:
SF:src\App.tsx
FN:7,App
FNF:1
FNH:0
FNDA:0,App
DA:8,0
LF:1
LH:0
BRF:0
BRH:0
end_of_record
TN:
SF:src\global.d.ts
FNF:0
FNH:0
LF:0
LH:0
BRF:0
BRH:0
end_of_record
TN:
SF:src\index.css
FNF:0
FNH:0
LF:0
LH:0
BRF:0
BRH:0
end_of_record
TN:
SF:src\assets\hero.png
FNF:0
FNH:0
LF:0
LH:0
BRF:0
BRH:0
end_of_record
TN:
SF:src\assets\react.svg
FNF:0
FNH:0
LF:0
LH:0
BRF:0
BRH:0
end_of_record
TN:
SF:src\assets\vite.svg
FNF:0
FNH:0
LF:0
LH:0
BRF:0
BRH:0
end_of_record
TN:
SF:src\components\shared\ConnectionStatusBanner.tsx
FNF:0
FNH:0
LF:0
LH:0
BRF:0
BRH:0
end_of_record
TN:
SF:src\components\shared\MemberPicker.tsx
FNF:0
FNH:0
LF:0
LH:0
BRF:0
BRH:0
end_of_record
TN:
SF:src\components\shared\MessageTimestamp.tsx
FNF:0
FNH:0
LF:0
LH:0
BRF:0
BRH:0
end_of_record
TN:
SF:src\components\shared\PresenceDot.tsx
FNF:0
FNH:0
LF:0
LH:0
BRF:0
BRH:0
end_of_record
TN:
SF:src\components\shared\RoleBadge.tsx
FNF:0
FNH:0
LF:0
LH:0
BRF:0
BRH:0
end_of_record
TN:
SF:src\components\shared\UnreadBadge.tsx
FNF:0
FNH:0
LF:0
LH:0
BRF:0
BRH:0
end_of_record
TN:
SF:src\components\shared\UserAvatarWithPresence.tsx
FNF:0
FNH:0
LF:0
LH:0
BRF:0
BRH:0
end_of_record
TN:
SF:src\components\ui\Avatar.tsx
FNF:0
FNH:0
LF:0
LH:0
BRF:0
BRH:0
end_of_record
TN:
SF:src\components\ui\Badge.tsx
FNF:0
FNH:0
LF:0
LH:0
BRF:0
BRH:0
end_of_record
TN:
SF:src\components\ui\Button.tsx
FN:29,(anonymous_0)
FNF:1
FNH:1
FNDA:274,(anonymous_0)
DA:16,4
DA:23,4
DA:29,4
DA:43,274
DA:66,4
LF:5
LH:5
BRDA:32,0,0,274
BRDA:33,1,0,274
BRDA:34,2,0,274
BRDA:35,3,0,274
BRDA:46,4,0,274
BRDA:46,4,1,274
BRDA:54,5,0,274
BRDA:54,5,1,274
BRDA:59,6,0,274
BRDA:59,6,1,5
BRF:10
BRH:10
end_of_record
TN:
SF:src\components\ui\Chip.tsx
FNF:0
FNH:0
LF:0
LH:0
BRF:0
BRH:0
end_of_record
TN:
SF:src\components\ui\ConfirmDialog.tsx
FNF:0
FNH:0
LF:0
LH:0
BRF:0
BRH:0
end_of_record
TN:
SF:src\components\ui\DropdownMenu.tsx
FNF:0
FNH:0
LF:0
LH:0
BRF:0
BRH:0
end_of_record
TN:
SF:src\components\ui\IconButton.tsx
FN:11,(anonymous_0)
FNF:1
FNH:1
FNDA:266,(anonymous_0)
DA:11,3
DA:13,266
DA:32,3
LF:3
LH:3
BRDA:12,0,0,266
BRF:1
BRH:1
end_of_record
TN:
SF:src\components\ui\Input.tsx
FN:13,(anonymous_0)
FNF:1
FNH:1
FNDA:930,(anonymous_0)
DA:13,3
DA:15,930
DA:16,930
DA:17,930
DA:23,930
DA:70,3
LF:6
LH:6
BRDA:16,0,0,930
BRDA:16,0,1,930
BRDA:17,1,0,5
BRDA:17,1,1,925
BRDA:19,2,0,308
BRDA:19,2,1,617
BRDA:25,3,0,930
BRDA:25,3,1,930
BRDA:37,4,0,5
BRDA:37,4,1,925
BRDA:44,5,0,930
BRDA:44,5,1,5
BRDA:45,6,0,930
BRDA:45,6,1,266
BRDA:50,7,0,930
BRDA:50,7,1,266
BRDA:56,8,0,5
BRDA:56,8,1,925
BRDA:60,9,0,308
BRDA:60,9,1,617
BRF:20
BRH:20
end_of_record
TN:
SF:src\components\ui\Modal.tsx
FNF:0
FNH:0
LF:0
LH:0
BRF:0
BRH:0
end_of_record
TN:
SF:src\components\ui\ModalHeader.tsx
FNF:0
FNH:0
LF:0
LH:0
BRF:0
BRH:0
end_of_record
TN:
SF:src\components\ui\Overlay.tsx
FNF:0
FNH:0
LF:0
LH:0
BRF:0
BRH:0
end_of_record
TN:
SF:src\components\ui\Popover.tsx
FNF:0
FNH:0
LF:0
LH:0
BRF:0
BRH:0
end_of_record
TN:
SF:src\components\ui\Skeleton.tsx
FNF:0
FNH:0
LF:0
LH:0
BRF:0
BRH:0
end_of_record
TN:
SF:src\components\ui\Spinner.tsx
FN:10,Spinner
FNF:1
FNH:1
FNDA:5,Spinner
DA:11,5
LF:1
LH:1
BRDA:10,0,0,5
BRF:1
BRH:1
end_of_record
TN:
SF:src\components\ui\Tabs.tsx
FN:17,Tabs
FN:29,(anonymous_1)
FN:37,(anonymous_2)
FNF:3
FNH:3
FNDA:7,Tabs
FNDA:14,(anonymous_1)
FNDA:1,(anonymous_2)
DA:23,7
DA:30,14
DA:31,14
DA:37,1
LF:4
LH:4
BRDA:41,0,0,7
BRDA:41,0,1,7
BRF:2
BRH:2
end_of_record
TN:
SF:src\components\ui\Textarea.tsx
FNF:0
FNH:0
LF:0
LH:0
BRF:0
BRH:0
end_of_record
TN:
SF:src\components\ui\Toast.tsx
FNF:0
FNH:0
LF:0
LH:0
BRF:0
BRH:0
end_of_record
TN:
SF:src\components\ui\Tooltip.tsx
FNF:0
FNH:0
LF:0
LH:0
BRF:0
BRH:0
end_of_record
TN:
SF:src\features\auth\api.ts
FN:10,login
FN:15,signup
FN:21,googleOAuthStart
FNF:3
FNH:3
FNDA:3,login
FNDA:2,signup
FNDA:1,googleOAuthStart
DA:11,3
DA:12,1
DA:16,2
DA:17,1
DA:22,1
LF:5
LH:5
BRF:0
BRH:0
end_of_record
TN:
SF:src\features\auth\errors.ts
FN:12,getApiError
FN:20,status
FN:25,parseLoginError
FN:37,parseSignupError
FNF:4
FNH:4
FNDA:1,getApiError
FNDA:3,status
FNDA:2,parseLoginError
FNDA:1,parseSignupError
DA:13,1
DA:14,1
DA:15,1
DA:17,0
DA:21,3
DA:26,2
DA:28,1
DA:30,1
DA:32,0
DA:38,1
DA:39,1
DA:40,1
DA:41,1
DA:43,0
DA:44,0
DA:46,0
DA:48,0
DA:49,0
DA:51,0
LF:19
LH:11
BRDA:13,0,0,1
BRDA:13,0,1,0
BRDA:21,1,0,3
BRDA:21,1,1,0
BRDA:26,2,0,1
BRDA:26,2,1,1
BRDA:26,2,2,0
BRDA:38,3,0,1
BRDA:38,3,1,0
BRDA:40,4,0,1
BRDA:40,4,1,0
BRDA:43,5,0,0
BRDA:43,5,1,0
BRDA:48,6,0,0
BRDA:48,6,1,0
BRF:15
BRH:6
end_of_record
TN:
SF:src\features\auth\index.ts
FNF:0
FNH:0
LF:0
LH:0
BRF:0
BRH:0
end_of_record
TN:
SF:src\features\auth\schemas.ts
FN:26,(anonymous_0)
FNF:1
FNH:1
FNDA:9,(anonymous_0)
DA:4,4
DA:7,4
DA:12,4
DA:26,9
LF:4
LH:4
BRF:0
BRH:0
end_of_record
TN:
SF:src\features\auth\components\ForgotPasswordForm.tsx
FNF:0
FNH:0
LF:0
LH:0
BRF:0
BRH:0
end_of_record
TN:
SF:src\features\auth\components\GoogleOAuthButton.tsx
FN:10,GoogleOAuthButton
FN:18,(anonymous_1)
FNF:2
FNH:2
FNDA:8,GoogleOAuthButton
FNDA:1,(anonymous_1)
DA:13,8
DA:19,1
LF:2
LH:2
BRDA:11,0,0,8
BRF:1
BRH:1
end_of_record
TN:
SF:src\features\auth\components\LoginForm.tsx
FN:17,LoginForm
FN:30,(anonymous_1)
FN:47,(anonymous_2)
FN:66,(anonymous_3)
FN:77,(anonymous_4)
FN:83,(anonymous_5)
FN:83,(anonymous_6)
FNF:7
FNH:7
FNDA:70,LoginForm
FNDA:4,(anonymous_1)
FNDA:2,(anonymous_2)
FNDA:21,(anonymous_3)
FNDA:26,(anonymous_4)
FNDA:1,(anonymous_5)
FNDA:1,(anonymous_6)
DA:22,70
DA:23,70
DA:24,70
DA:25,70
DA:26,70
DA:28,70
DA:30,70
DA:31,4
DA:32,4
DA:33,4
DA:35,4
DA:36,4
DA:37,1
DA:38,1
DA:39,2
DA:40,2
DA:42,1
DA:43,1
DA:46,3
DA:47,2
DA:51,70
DA:53,70
DA:66,21
DA:77,26
DA:83,1
LF:25
LH:25
BRDA:36,0,0,1
BRDA:36,0,1,3
BRDA:40,1,0,2
BRDA:40,1,1,0
BRDA:40,2,0,2
BRDA:40,2,1,2
BRDA:51,3,0,70
BRDA:51,3,1,66
BRDA:55,4,0,70
BRDA:55,4,1,6
BRDA:74,5,0,1
BRDA:74,5,1,69
BRDA:82,6,0,1
BRDA:82,6,1,69
BRDA:86,7,0,1
BRDA:86,7,1,69
BRF:16
BRH:15
end_of_record
TN:
SF:src\features\auth\components\ResetPasswordForm.tsx
FNF:0
FNH:0
LF:0
LH:0
BRF:0
BRH:0
end_of_record
TN:
SF:src\features\auth\components\SignupForm.tsx
FN:14,passwordStrength
FN:26,SignupForm
FN:38,(anonymous_2)
FN:68,(anonymous_3)
FN:90,(anonymous_4)
FN:102,(anonymous_5)
FN:113,(anonymous_6)
FN:120,(anonymous_7)
FN:120,(anonymous_8)
FN:134,(anonymous_9)
FN:144,(anonymous_10)
FNF:11
FNH:9
FNDA:201,passwordStrength
FNDA:201,SignupForm
FNDA:5,(anonymous_2)
FNDA:1,(anonymous_3)
FNDA:34,(anonymous_4)
FNDA:45,(anonymous_5)
FNDA:50,(anonymous_6)
FNDA:0,(anonymous_7)
FNDA:0,(anonymous_8)
FNDA:50,(anonymous_9)
FNDA:4,(anonymous_10)
DA:15,201
DA:16,113
DA:18,78
DA:22,78
DA:23,78
DA:27,201
DA:28,201
DA:29,201
DA:30,201
DA:31,201
DA:32,201
DA:33,201
DA:34,201
DA:36,201
DA:38,201
DA:39,5
DA:40,5
DA:41,5
DA:43,5
DA:50,5
DA:51,3
DA:52,3
DA:53,3
DA:54,3
DA:56,3
DA:57,3
DA:60,2
DA:69,1
DA:70,1
DA:71,1
DA:77,201
DA:90,34
DA:102,45
DA:113,50
DA:120,0
DA:134,50
DA:144,4
LF:37
LH:36
BRDA:15,0,0,88
BRDA:15,0,1,113
BRDA:16,1,0,35
BRDA:16,1,1,78
BRDA:22,2,0,0
BRDA:22,2,1,78
BRDA:50,3,0,3
BRDA:50,3,1,2
BRDA:54,4,0,3
BRDA:54,4,1,0
BRDA:54,5,0,3
BRDA:54,5,1,3
BRDA:70,6,0,1
BRDA:70,6,1,0
BRDA:71,7,0,0
BRDA:71,7,1,1
BRDA:79,8,0,201
BRDA:79,8,1,0
BRDA:110,9,0,0
BRDA:110,9,1,201
BRDA:115,10,0,201
BRDA:115,10,1,88
BRDA:119,11,0,0
BRDA:119,11,1,201
BRDA:123,12,0,0
BRDA:123,12,1,201
BRDA:131,13,0,0
BRDA:131,13,1,201
BRDA:160,14,0,201
BRDA:160,14,1,1
BRF:30
BRH:21
end_of_record
TN:
SF:src\features\auth\hooks\useLogin.ts
FN:9,useLogin
FN:11,(anonymous_1)
FN:14,(anonymous_2)
FN:15,(anonymous_3)
FNF:4
FNH:4
FNDA:70,useLogin
FNDA:210,(anonymous_1)
FNDA:3,(anonymous_2)
FNDA:1,(anonymous_3)
DA:10,70
DA:11,210
DA:13,70
DA:14,3
DA:16,1
DA:17,1
LF:6
LH:6
BRF:0
BRH:0
end_of_record
TN:
SF:src\features\auth\hooks\useLogout.ts
FNF:0
FNH:0
LF:0
LH:0
BRF:0
BRH:0
end_of_record
TN:
SF:src\features\auth\hooks\usePasswordReset.ts
FNF:0
FNH:0
LF:0
LH:0
BRF:0
BRH:0
end_of_record
TN:
SF:src\features\auth\hooks\useSignup.ts
FN:9,useSignup
FN:11,(anonymous_1)
FN:14,(anonymous_2)
FN:15,(anonymous_3)
FNF:4
FNH:4
FNDA:201,useSignup
FNDA:604,(anonymous_1)
FNDA:2,(anonymous_2)
FNDA:1,(anonymous_3)
DA:10,201
DA:11,604
DA:13,201
DA:14,2
DA:16,1
DA:17,1
LF:6
LH:6
BRF:0
BRH:0
end_of_record
TN:
SF:src\features\chat\api.ts
FNF:0
FNH:0
LF:0
LH:0
BRF:0
BRH:0
end_of_record
TN:
SF:src\features\chat\index.ts
FNF:0
FNH:0
LF:0
LH:0
BRF:0
BRH:0
end_of_record
TN:
SF:src\features\chat\components\AttachmentPreview.tsx
FNF:0
FNH:0
LF:0
LH:0
BRF:0
BRH:0
end_of_record
TN:
SF:src\features\chat\components\ChatHeader.tsx
FNF:0
FNH:0
LF:0
LH:0
BRF:0
BRH:0
end_of_record
TN:
SF:src\features\chat\components\ChatWindow.tsx
FNF:0
FNH:0
LF:0
LH:0
BRF:0
BRH:0
end_of_record
TN:
SF:src\features\chat\components\EmptyChatState.tsx
FNF:0
FNH:0
LF:0
LH:0
BRF:0
BRH:0
end_of_record
TN:
SF:src\features\chat\components\MessageBubble.tsx
FNF:0
FNH:0
LF:0
LH:0
BRF:0
BRH:0
end_of_record
TN:
SF:src\features\chat\components\MessageComposer.tsx
FNF:0
FNH:0
LF:0
LH:0
BRF:0
BRH:0
end_of_record
TN:
SF:src\features\chat\components\MessageHistory.tsx
FNF:0
FNH:0
LF:0
LH:0
BRF:0
BRH:0
end_of_record
TN:
SF:src\features\chat\components\MessageStatusIcon.tsx
FNF:0
FNH:0
LF:0
LH:0
BRF:0
BRH:0
end_of_record
TN:
SF:src\features\chat\components\TypingIndicator.tsx
FNF:0
FNH:0
LF:0
LH:0
BRF:0
BRH:0
end_of_record
TN:
SF:src\features\chat\hooks\useDeleteMessage.ts
FNF:0
FNH:0
LF:0
LH:0
BRF:0
BRH:0
end_of_record
TN:
SF:src\features\chat\hooks\useMessages.ts
FNF:0
FNH:0
LF:0
LH:0
BRF:0
BRH:0
end_of_record
TN:
SF:src\features\chat\hooks\useReadReceipts.ts
FNF:0
FNH:0
LF:0
LH:0
BRF:0
BRH:0
end_of_record
TN:
SF:src\features\chat\hooks\useSendMessage.ts
FNF:0
FNH:0
LF:0
LH:0
BRF:0
BRH:0
end_of_record
TN:
SF:src\features\chat\hooks\useTyping.ts
FNF:0
FNH:0
LF:0
LH:0
BRF:0
BRH:0
end_of_record
TN:
SF:src\features\contacts\api.ts
FNF:0
FNH:0
LF:0
LH:0
BRF:0
BRH:0
end_of_record
TN:
SF:src\features\contacts\index.ts
FNF:0
FNH:0
LF:0
LH:0
BRF:0
BRH:0
end_of_record
TN:
SF:src\features\contacts\components\ChatList.tsx
FNF:0
FNH:0
LF:0
LH:0
BRF:0
BRH:0
end_of_record
TN:
SF:src\features\contacts\components\ChatSessionRow.tsx
FNF:0
FNH:0
LF:0
LH:0
BRF:0
BRH:0
end_of_record
TN:
SF:src\features\contacts\components\FindFriendsModal.tsx
FNF:0
FNH:0
LF:0
LH:0
BRF:0
BRH:0
end_of_record
TN:
SF:src\features\contacts\components\FriendRow.tsx
FNF:0
FNH:0
LF:0
LH:0
BRF:0
BRH:0
end_of_record
TN:
SF:src\features\contacts\components\GroupRow.tsx
FNF:0
FNH:0
LF:0
LH:0
BRF:0
BRH:0
end_of_record
TN:
SF:src\features\contacts\components\UserSearchResultRow.tsx
FNF:0
FNH:0
LF:0
LH:0
BRF:0
BRH:0
end_of_record
TN:
SF:src\features\contacts\hooks\useBlockUser.ts
FNF:0
FNH:0
LF:0
LH:0
BRF:0
BRH:0
end_of_record
TN:
SF:src\features\contacts\hooks\useContacts.ts
FNF:0
FNH:0
LF:0
LH:0
BRF:0
BRH:0
end_of_record
TN:
SF:src\features\contacts\hooks\useConversations.ts
FNF:0
FNH:0
LF:0
LH:0
BRF:0
BRH:0
end_of_record
TN:
SF:src\features\contacts\hooks\useFriendRequest.ts
FNF:0
FNH:0
LF:0
LH:0
BRF:0
BRH:0
end_of_record
TN:
SF:src\features\contacts\hooks\useRemoveFriend.ts
FNF:0
FNH:0
LF:0
LH:0
BRF:0
BRH:0
end_of_record
TN:
SF:src\features\contacts\hooks\useUserSearch.ts
FNF:0
FNH:0
LF:0
LH:0
BRF:0
BRH:0
end_of_record
TN:
SF:src\features\groups\api.ts
FNF:0
FNH:0
LF:0
LH:0
BRF:0
BRH:0
end_of_record
TN:
SF:src\features\groups\index.ts
FNF:0
FNH:0
LF:0
LH:0
BRF:0
BRH:0
end_of_record
TN:
SF:src\features\groups\components\CreateGroupModal.tsx
FNF:0
FNH:0
LF:0
LH:0
BRF:0
BRH:0
end_of_record
TN:
SF:src\features\groups\components\GroupSettingsModal.tsx
FNF:0
FNH:0
LF:0
LH:0
BRF:0
BRH:0
end_of_record
TN:
SF:src\features\groups\components\InviteMembersModal.tsx
FNF:0
FNH:0
LF:0
LH:0
BRF:0
BRH:0
end_of_record
TN:
SF:src\features\groups\components\MemberRow.tsx
FNF:0
FNH:0
LF:0
LH:0
BRF:0
BRH:0
end_of_record
TN:
SF:src\features\groups\hooks\useCreateGroup.ts
FNF:0
FNH:0
LF:0
LH:0
BRF:0
BRH:0
end_of_record
TN:
SF:src\features\groups\hooks\useGroupSettings.ts
FNF:0
FNH:0
LF:0
LH:0
BRF:0
BRH:0
end_of_record
TN:
SF:src\features\groups\hooks\useInviteMembers.ts
FNF:0
FNH:0
LF:0
LH:0
BRF:0
BRH:0
end_of_record
TN:
SF:src\features\groups\hooks\useLeaveGroup.ts
FNF:0
FNH:0
LF:0
LH:0
BRF:0
BRH:0
end_of_record
TN:
SF:src\features\notifications\api.ts
FNF:0
FNH:0
LF:0
LH:0
BRF:0
BRH:0
end_of_record
TN:
SF:src\features\notifications\index.ts
FNF:0
FNH:0
LF:0
LH:0
BRF:0
BRH:0
end_of_record
TN:
SF:src\features\notifications\components\FriendRequestItem.tsx
FNF:0
FNH:0
LF:0
LH:0
BRF:0
BRH:0
end_of_record
TN:
SF:src\features\notifications\components\GenericNotificationItem.tsx
FNF:0
FNH:0
LF:0
LH:0
BRF:0
BRH:0
end_of_record
TN:
SF:src\features\notifications\components\GroupInviteItem.tsx
FNF:0
FNH:0
LF:0
LH:0
BRF:0
BRH:0
end_of_record
TN:
SF:src\features\notifications\components\JoinRequestItem.tsx
FNF:0
FNH:0
LF:0
LH:0
BRF:0
BRH:0
end_of_record
TN:
SF:src\features\notifications\components\NotificationList.tsx
FNF:0
FNH:0
LF:0
LH:0
BRF:0
BRH:0
end_of_record
TN:
SF:src\features\notifications\hooks\useNotificationActions.ts
FNF:0
FNH:0
LF:0
LH:0
BRF:0
BRH:0
end_of_record
TN:
SF:src\features\notifications\hooks\useNotifications.ts
FNF:0
FNH:0
LF:0
LH:0
BRF:0
BRH:0
end_of_record
TN:
SF:src\features\presence\api.ts
FNF:0
FNH:0
LF:0
LH:0
BRF:0
BRH:0
end_of_record
TN:
SF:src\features\presence\index.ts
FNF:0
FNH:0
LF:0
LH:0
BRF:0
BRH:0
end_of_record
TN:
SF:src\features\presence\components\PresenceSelector.tsx
FNF:0
FNH:0
LF:0
LH:0
BRF:0
BRH:0
end_of_record
TN:
SF:src\features\presence\hooks\usePresence.ts
FNF:0
FNH:0
LF:0
LH:0
BRF:0
BRH:0
end_of_record
TN:
SF:src\features\presence\hooks\usePresenceFeed.ts
FNF:0
FNH:0
LF:0
LH:0
BRF:0
BRH:0
end_of_record
TN:
SF:src\features\presence\hooks\useUpdatePresence.ts
FNF:0
FNH:0
LF:0
LH:0
BRF:0
BRH:0
end_of_record
TN:
SF:src\features\settings\api.ts
FNF:0
FNH:0
LF:0
LH:0
BRF:0
BRH:0
end_of_record
TN:
SF:src\features\settings\index.ts
FNF:0
FNH:0
LF:0
LH:0
BRF:0
BRH:0
end_of_record
TN:
SF:src\features\settings\components\BlockedUsersSection.tsx
FNF:0
FNH:0
LF:0
LH:0
BRF:0
BRH:0
end_of_record
TN:
SF:src\features\settings\components\LogoutButton.tsx
FNF:0
FNH:0
LF:0
LH:0
BRF:0
BRH:0
end_of_record
TN:
SF:src\features\settings\components\ProfileSection.tsx
FNF:0
FNH:0
LF:0
LH:0
BRF:0
BRH:0
end_of_record
TN:
SF:src\features\settings\components\SecuritySection.tsx
FNF:0
FNH:0
LF:0
LH:0
BRF:0
BRH:0
end_of_record
TN:
SF:src\features\settings\hooks\useBlockedUsers.ts
FNF:0
FNH:0
LF:0
LH:0
BRF:0
BRH:0
end_of_record
TN:
SF:src\features\settings\hooks\useChangePassword.ts
FNF:0
FNH:0
LF:0
LH:0
BRF:0
BRH:0
end_of_record
TN:
SF:src\features\settings\hooks\useUpdateProfile.ts
FNF:0
FNH:0
LF:0
LH:0
BRF:0
BRH:0
end_of_record
TN:
SF:src\hooks\useAuth.ts
FN:5,useAuth
FN:6,(anonymous_1)
FN:7,(anonymous_2)
FNF:3
FNH:0
FNDA:0,useAuth
FNDA:0,(anonymous_1)
FNDA:0,(anonymous_2)
DA:6,0
DA:7,0
DA:8,0
LF:3
LH:0
BRF:0
BRH:0
end_of_record
TN:
SF:src\hooks\useSocket.ts
FNF:0
FNH:0
LF:0
LH:0
BRF:0
BRH:0
end_of_record
TN:
SF:src\hooks\useSocketEvent.ts
FNF:0
FNH:0
LF:0
LH:0
BRF:0
BRH:0
end_of_record
TN:
SF:src\hooks\useToast.ts
FNF:0
FNH:0
LF:0
LH:0
BRF:0
BRH:0
end_of_record
TN:
SF:src\layouts\AppLayout.tsx
FNF:0
FNH:0
LF:0
LH:0
BRF:0
BRH:0
end_of_record
TN:
SF:src\layouts\AuthLayout.tsx
FN:9,AuthLayout
FNF:1
FNH:1
FNDA:7,AuthLayout
DA:10,7
LF:1
LH:1
BRF:0
BRH:0
end_of_record
TN:
SF:src\lib\axios.ts
FN:16,(anonymous_0)
FN:27,(anonymous_1)
FN:29,(anonymous_2)
FNF:3
FNH:3
FNDA:7,(anonymous_0)
FNDA:3,(anonymous_1)
FNDA:4,(anonymous_2)
DA:10,4
DA:16,4
DA:17,7
DA:18,7
DA:19,1
DA:21,7
DA:27,4
DA:28,3
DA:30,4
DA:31,4
DA:32,1
DA:33,1
DA:34,1
DA:35,1
DA:36,1
DA:37,1
DA:39,0
DA:40,0
DA:43,3
LF:19
LH:17
BRDA:18,0,0,1
BRDA:18,0,1,6
BRDA:31,1,0,1
BRDA:31,1,1,3
BRDA:31,2,0,4
BRDA:31,2,1,2
BRDA:31,2,2,2
BRF:7
BRH:7
end_of_record
TN:
SF:src\lib\queryClient.ts
FNF:0
FNH:0
DA:4,0
LF:1
LH:0
BRF:0
BRH:0
end_of_record
TN:
SF:src\lib\socket.ts
FNF:0
FNH:0
LF:0
LH:0
BRF:0
BRH:0
end_of_record
TN:
SF:src\mocks\handlers.ts
FN:18,(anonymous_0)
FN:22,(anonymous_1)
FN:39,(anonymous_2)
FN:53,(anonymous_3)
FNF:4
FNH:4
FNDA:4,(anonymous_0)
FNDA:4,(anonymous_1)
FNDA:2,(anonymous_2)
FNDA:1,(anonymous_3)
DA:5,8
DA:7,8
DA:18,8
DA:20,8
DA:23,4
DA:24,4
DA:25,1
DA:29,3
DA:30,2
DA:35,1
DA:40,2
DA:41,2
DA:42,1
DA:46,1
DA:54,1
LF:15
LH:15
BRDA:24,0,0,1
BRDA:24,0,1,3
BRDA:29,1,0,2
BRDA:29,1,1,1
BRDA:41,2,0,1
BRDA:41,2,1,1
BRF:6
BRH:6
end_of_record
TN:
SF:src\mocks\server.ts
FNF:0
FNH:0
DA:5,8
LF:1
LH:1
BRF:0
BRH:0
end_of_record
TN:
SF:src\pages\HomePage.tsx
FNF:0
FNH:0
LF:0
LH:0
BRF:0
BRH:0
end_of_record
TN:
SF:src\pages\LoginPage.tsx
FN:17,LoginPage
FN:27,(anonymous_1)
FN:31,(anonymous_2)
FN:61,(anonymous_3)
FN:65,(anonymous_4)
FNF:5
FNH:3
FNDA:8,LoginPage
FNDA:6,(anonymous_1)
FNDA:1,(anonymous_2)
FNDA:0,(anonymous_3)
FNDA:0,(anonymous_4)
DA:12,1
DA:18,8
DA:19,8
DA:20,8
DA:22,8
DA:27,8
DA:28,6
DA:31,8
DA:32,1
DA:33,1
DA:37,8
DA:41,8
DA:61,0
DA:65,0
LF:14
LH:12
BRDA:23,0,0,2
BRDA:23,0,1,6
BRDA:28,1,0,2
BRDA:28,1,1,4
BRDA:33,2,0,1
BRDA:33,2,1,0
BRDA:37,3,0,1
BRDA:37,3,1,7
BRDA:59,4,0,4
BRDA:59,4,1,4
BRDA:62,5,0,1
BRDA:62,5,1,3
BRF:12
BRH:11
end_of_record
TN:
SF:src\pages\ResetPasswordPage.tsx
FNF:0
FNH:0
LF:0
LH:0
BRF:0
BRH:0
end_of_record
TN:
SF:src\pages\SettingsPage.tsx
FNF:0
FNH:0
LF:0
LH:0
BRF:0
BRH:0
end_of_record
TN:
SF:src\router\ProtectedRoute.tsx
FN:9,ProtectedRoute
FN:10,(anonymous_1)
FNF:2
FNH:2
FNDA:2,ProtectedRoute
FNDA:6,(anonymous_1)
DA:10,6
DA:11,2
DA:13,2
DA:14,1
DA:15,1
DA:18,1
LF:6
LH:6
BRDA:13,0,0,1
BRDA:13,0,1,1
BRF:2
BRH:2
end_of_record
TN:
SF:src\router\index.tsx
FNF:0
FNH:0
DA:9,0
DA:14,0
LF:2
LH:0
BRF:0
BRH:0
end_of_record
TN:
SF:src\store\authStore.ts
FN:8,createMemoryStorage
FN:11,length
FN:14,(anonymous_2)
FN:15,(anonymous_3)
FN:16,(anonymous_4)
FN:17,(anonymous_5)
FN:18,(anonymous_6)
FN:35,(anonymous_7)
FN:40,(anonymous_8)
FN:42,(anonymous_9)
FN:43,(anonymous_10)
FN:48,(anonymous_11)
FN:51,(anonymous_12)
FNF:13
FNH:9
FNDA:8,createMemoryStorage
FNDA:0,length
FNDA:0,(anonymous_2)
FNDA:8,(anonymous_3)
FNDA:0,(anonymous_4)
FNDA:0,(anonymous_5)
FNDA:66,(anonymous_6)
FNDA:8,(anonymous_7)
FNDA:6,(anonymous_8)
FNDA:2,(anonymous_9)
FNDA:58,(anonymous_10)
FNDA:8,(anonymous_11)
FNDA:66,(anonymous_12)
DA:9,8
DA:10,8
DA:12,0
DA:14,0
DA:15,8
DA:16,0
DA:17,0
DA:18,66
DA:23,8
DA:34,8
DA:36,8
DA:41,6
DA:42,2
DA:44,58
DA:48,8
DA:51,66
LF:16
LH:12
BRDA:15,0,0,8
BRDA:15,0,1,8
BRDA:16,1,0,0
BRDA:16,1,1,0
BRDA:23,2,0,0
BRDA:23,2,1,8
BRF:6
BRH:3
end_of_record
TN:
SF:src\store\socketStore.ts
FNF:0
FNH:0
LF:0
LH:0
BRF:0
BRH:0
end_of_record
TN:
SF:src\store\uiStore.ts
FNF:0
FNH:0
LF:0
LH:0
BRF:0
BRH:0
end_of_record
TN:
SF:src\styles\globals.css
FNF:0
FNH:0
LF:0
LH:0
BRF:0
BRH:0
end_of_record
TN:
SF:src\test\render.tsx
FN:12,renderWithProviders
FN:18,Wrapper
FNF:2
FNH:2
FNDA:19,renderWithProviders
FNDA:19,Wrapper
DA:13,19
DA:14,19
DA:19,19
DA:26,19
LF:4
LH:4
BRDA:12,0,0,19
BRDA:13,1,0,19
BRF:2
BRH:2
end_of_record
TN:
SF:src\types\api.generated.ts
FNF:0
FNH:0
LF:0
LH:0
BRF:0
BRH:0
end_of_record
TN:
SF:src\types\api.ts
FNF:0
FNH:0
LF:0
LH:0
BRF:0
BRH:0
end_of_record
TN:
SF:src\types\entities.ts
FNF:0
FNH:0
LF:0
LH:0
BRF:0
BRH:0
end_of_record
TN:
SF:src\types\socket.ts
FNF:0
FNH:0
LF:0
LH:0
BRF:0
BRH:0
end_of_record
TN:
SF:src\utils\assert.ts
FNF:0
FNH:0
LF:0
LH:0
BRF:0
BRH:0
end_of_record
TN:
SF:src\utils\cn.ts
FN:6,cn
FNF:1
FNH:1
FNDA:1492,cn
DA:7,1492
LF:1
LH:1
BRF:0
BRH:0
end_of_record
TN:
SF:src\utils\formatDate.ts
FNF:0
FNH:0
LF:0
LH:0
BRF:0
BRH:0
end_of_record
