TN:
SF:src\App.css
FNF:0
FNH:0
LF:0
LH:0
BRF:0
BRH:0
end_of_record
TN:
SF:src\App.tsx
FN:8,App
FNF:1
FNH:0
FNDA:0,App
DA:9,0
LF:1
LH:0
BRF:0
BRH:0
end_of_record
TN:
SF:src\global.d.ts
FNF:0
FNH:0
LF:0
LH:0
BRF:0
BRH:0
end_of_record
TN:
SF:src\index.css
FNF:0
FNH:0
LF:0
LH:0
BRF:0
BRH:0
end_of_record
TN:
SF:src\assets\hero.png
FNF:0
FNH:0
LF:0
LH:0
BRF:0
BRH:0
end_of_record
TN:
SF:src\assets\react.svg
FNF:0
FNH:0
LF:0
LH:0
BRF:0
BRH:0
end_of_record
TN:
SF:src\assets\vite.svg
FNF:0
FNH:0
LF:0
LH:0
BRF:0
BRH:0
end_of_record
TN:
SF:src\components\shared\ConnectionStatusBanner.tsx
FN:16,ConnectionStatusBanner
FNF:1
FNH:1
FNDA:3,ConnectionStatusBanner
DA:20,3
DA:22,2
LF:2
LH:2
BRDA:17,0,0,3
BRDA:20,1,0,1
BRDA:20,1,1,2
BRDA:30,2,0,1
BRDA:30,2,1,1
BRF:5
BRH:5
end_of_record
TN:
SF:src\components\shared\HeaderBar.tsx
FN:29,HeaderBar
FN:47,handlePresence
FN:52,(anonymous_2)
FN:53,(anonymous_3)
FN:54,(anonymous_4)
FN:69,(anonymous_5)
FN:80,(anonymous_6)
FN:101,(anonymous_7)
FN:142,(anonymous_8)
FN:152,(anonymous_9)
FNF:10
FNH:8
FNDA:22,HeaderBar
FNDA:1,handlePresence
FNDA:3,(anonymous_2)
FNDA:3,(anonymous_3)
FNDA:1,(anonymous_4)
FNDA:1,(anonymous_5)
FNDA:0,(anonymous_6)
FNDA:3,(anonymous_7)
FNDA:0,(anonymous_8)
FNDA:1,(anonymous_9)
DA:30,22
DA:31,22
DA:32,22
DA:33,22
DA:34,22
DA:35,22
DA:36,22
DA:38,22
DA:39,22
DA:41,22
DA:48,1
DA:49,1
DA:52,22
DA:53,3
DA:54,22
DA:56,22
DA:69,1
DA:80,0
DA:101,3
DA:143,0
DA:144,0
DA:153,1
DA:154,1
LF:23
LH:20
BRDA:38,0,0,20
BRDA:38,0,1,2
BRDA:39,1,0,22
BRDA:39,1,1,2
BRDA:41,2,0,4
BRDA:41,2,1,18
BRDA:41,3,0,22
BRDA:41,3,1,4
BRDA:49,4,0,1
BRDA:49,4,1,0
BRDA:53,5,0,0
BRDA:53,5,1,3
BRDA:91,6,0,22
BRDA:91,6,1,0
BRDA:106,7,0,22
BRDA:106,7,1,22
BRDA:123,8,0,22
BRDA:123,8,1,20
BRF:18
BRH:15
end_of_record
TN:
SF:src\components\shared\MemberPicker.tsx
FN:26,MemberPicker
FN:37,(anonymous_1)
FN:41,(anonymous_2)
FN:44,(anonymous_3)
FN:52,(anonymous_4)
FN:61,add
FN:64,remove
FN:65,(anonymous_7)
FN:72,(anonymous_8)
FN:80,(anonymous_9)
FN:81,(anonymous_10)
FN:92,(anonymous_11)
FN:101,(anonymous_12)
FNF:13
FNH:13
FNDA:36,MemberPicker
FNDA:1,(anonymous_1)
FNDA:36,(anonymous_2)
FNDA:72,(anonymous_3)
FNDA:31,(anonymous_4)
FNDA:1,add
FNDA:1,remove
FNDA:1,(anonymous_7)
FNDA:4,(anonymous_8)
FNDA:1,(anonymous_9)
FNDA:1,(anonymous_10)
FNDA:66,(anonymous_11)
FNDA:1,(anonymous_12)
DA:35,36
DA:37,36
DA:38,36
DA:39,36
DA:41,36
DA:42,36
DA:43,36
DA:45,72
DA:46,71
DA:47,11
DA:54,31
DA:55,31
DA:56,31
DA:62,1
DA:65,1
DA:68,36
DA:72,4
DA:81,1
DA:93,66
DA:94,66
DA:95,66
DA:96,66
DA:97,66
DA:101,1
LF:24
LH:24
BRDA:30,0,0,36
BRDA:31,1,0,36
BRDA:32,2,0,36
BRDA:33,3,0,36
BRDA:45,4,0,1
BRDA:45,4,1,71
BRDA:46,5,0,60
BRDA:46,5,1,11
BRDA:48,6,0,11
BRDA:48,6,1,5
BRDA:54,7,0,2
BRDA:54,7,1,29
BRDA:54,8,0,31
BRDA:54,8,1,29
BRDA:55,9,0,2
BRDA:55,9,1,29
BRDA:55,10,0,31
BRDA:55,10,1,29
BRDA:78,11,0,36
BRDA:78,11,1,1
BRDA:89,12,0,1
BRDA:89,12,1,35
BRDA:95,13,0,66
BRDA:95,13,1,64
BRDA:95,13,2,60
BRDA:96,14,0,4
BRDA:96,14,1,62
BRDA:96,15,0,0
BRDA:96,15,1,62
BRDA:101,16,0,6
BRDA:101,16,1,1
BRDA:105,17,0,6
BRDA:105,17,1,60
BRDA:112,18,0,66
BRDA:112,18,1,66
BRDA:123,19,0,66
BRDA:123,19,1,4
BRF:37
BRH:36
end_of_record
TN:
SF:src\components\shared\MessageTimestamp.tsx
FN:16,MessageTimestamp
FNF:1
FNH:1
FNDA:29,MessageTimestamp
DA:21,29
LF:1
LH:1
BRDA:23,0,0,1
BRDA:23,0,1,28
BRF:2
BRH:2
end_of_record
TN:
SF:src\components\shared\PresenceDot.tsx
FN:28,PresenceDot
FNF:1
FNH:1
FNDA:113,PresenceDot
DA:13,7
DA:20,7
DA:34,113
LF:3
LH:3
BRDA:30,0,0,113
BRDA:31,1,0,113
BRDA:39,2,0,70
BRDA:39,2,1,43
BRDA:40,3,0,113
BRDA:40,3,1,69
BRF:6
BRH:6
end_of_record
TN:
SF:src\components\shared\RoleBadge.tsx
FN:11,RoleBadge
FNF:1
FNH:1
FNDA:4,RoleBadge
DA:12,4
LF:1
LH:1
BRDA:16,0,0,2
BRDA:16,0,1,2
BRDA:22,1,0,2
BRDA:22,1,1,2
BRF:4
BRH:4
end_of_record
TN:
SF:src\components\shared\ToastViewport.tsx
FN:9,ToastRow
FN:10,(anonymous_1)
FN:12,(anonymous_2)
FN:13,(anonymous_3)
FN:14,(anonymous_4)
FN:21,(anonymous_5)
FN:30,ToastViewport
FN:31,(anonymous_7)
FN:41,(anonymous_8)
FNF:9
FNH:9
FNDA:3,ToastRow
FNDA:11,(anonymous_1)
FNDA:3,(anonymous_2)
FNDA:1,(anonymous_3)
FNDA:3,(anonymous_4)
FNDA:1,(anonymous_5)
FNDA:9,ToastViewport
FNDA:32,(anonymous_7)
FNDA:3,(anonymous_8)
DA:6,1
DA:10,11
DA:12,3
DA:13,3
DA:14,3
DA:17,3
DA:21,1
DA:31,32
DA:33,9
DA:35,3
DA:42,3
LF:11
LH:11
BRDA:33,0,0,6
BRDA:33,0,1,3
BRF:2
BRH:2
end_of_record
TN:
SF:src\components\shared\UnreadBadge.tsx
FN:10,UnreadBadge
FNF:1
FNH:1
FNDA:24,UnreadBadge
DA:11,24
LF:1
LH:1
BRF:0
BRH:0
end_of_record
TN:
SF:src\components\shared\UserAvatarWithPresence.tsx
FN:16,UserAvatarWithPresence
FNF:1
FNH:1
FNDA:50,UserAvatarWithPresence
DA:23,50
LF:1
LH:1
BRDA:20,0,0,50
BRDA:26,1,0,50
BRDA:26,1,1,47
BRDA:29,2,0,4
BRDA:29,2,1,43
BRF:5
BRH:5
end_of_record
TN:
SF:src\components\ui\Avatar.tsx
FN:31,initials
FN:38,colorFor
FN:45,Avatar
FNF:3
FNH:3
FNDA:313,initials
FNDA:313,colorFor
FNDA:319,Avatar
DA:15,14
DA:22,14
DA:32,313
DA:33,313
DA:34,313
DA:35,216
DA:39,313
DA:40,2620
DA:41,313
DA:52,319
DA:54,319
DA:55,6
DA:69,313
LF:13
LH:13
BRDA:33,0,0,0
BRDA:33,0,1,313
BRDA:34,1,0,97
BRDA:34,1,1,216
BRDA:48,2,0,319
BRDA:49,3,0,319
BRDA:52,4,0,90
BRDA:52,4,1,229
BRDA:54,5,0,6
BRDA:54,5,1,313
BRF:10
BRH:9
end_of_record
TN:
SF:src\components\ui\Badge.tsx
FN:12,Badge
FNF:1
FNH:1
FNDA:48,Badge
DA:13,48
DA:14,29
DA:16,48
LF:3
LH:3
BRDA:12,0,0,48
BRDA:13,1,0,19
BRDA:13,1,1,29
BRDA:14,2,0,1
BRDA:14,2,1,28
BRF:5
BRH:5
end_of_record
TN:
SF:src\components\ui\Button.tsx
FN:29,(anonymous_0)
FNF:1
FNH:1
FNDA:688,(anonymous_0)
DA:16,17
DA:23,17
DA:29,17
DA:43,688
DA:66,17
LF:5
LH:5
BRDA:32,0,0,688
BRDA:33,1,0,688
BRDA:34,2,0,688
BRDA:35,3,0,688
BRDA:46,4,0,688
BRDA:46,4,1,404
BRDA:54,5,0,688
BRDA:54,5,1,320
BRDA:59,6,0,688
BRDA:59,6,1,14
BRF:10
BRH:10
end_of_record
TN:
SF:src\components\ui\Chip.tsx
FN:13,Chip
FNF:1
FNH:1
FNDA:2,Chip
DA:14,2
LF:1
LH:1
BRDA:22,0,0,2
BRDA:22,0,1,2
BRF:2
BRH:2
end_of_record
TN:
SF:src\components\ui\ConfirmDialog.tsx
FN:19,ConfirmDialog
FN:41,(anonymous_1)
FNF:2
FNH:2
FNDA:128,ConfirmDialog
FNDA:4,(anonymous_1)
DA:29,128
DA:42,4
DA:43,4
LF:3
LH:3
BRDA:23,0,0,128
BRDA:24,1,0,128
BRDA:25,2,0,128
BRDA:40,3,0,68
BRDA:40,3,1,60
BRF:5
BRH:5
end_of_record
TN:
SF:src\components\ui\DropdownMenu.tsx
FN:21,DropdownMenu
FN:30,(anonymous_1)
FN:32,onPointerDown
FN:37,onKeyDown
FN:42,(anonymous_4)
FN:50,(anonymous_5)
FN:50,(anonymous_6)
FN:60,(anonymous_7)
FN:66,(anonymous_8)
FNF:9
FNH:8
FNDA:82,DropdownMenu
FNDA:54,(anonymous_1)
FNDA:6,onPointerDown
FNDA:0,onKeyDown
FNDA:13,(anonymous_4)
FNDA:13,(anonymous_5)
FNDA:13,(anonymous_6)
FNDA:25,(anonymous_7)
FNDA:6,(anonymous_8)
DA:27,82
DA:28,82
DA:30,82
DA:31,54
DA:33,6
DA:34,0
DA:38,0
DA:40,13
DA:41,13
DA:42,13
DA:43,13
DA:44,13
DA:48,82
DA:50,13
DA:61,25
DA:67,6
DA:68,6
LF:17
LH:15
BRDA:24,0,0,82
BRDA:31,1,0,41
BRDA:31,1,1,13
BRDA:33,2,0,0
BRDA:33,2,1,6
BRDA:33,3,0,6
BRDA:33,3,1,6
BRDA:38,4,0,0
BRDA:38,4,1,0
BRDA:51,5,0,82
BRDA:51,5,1,13
BRDA:56,6,0,13
BRDA:56,6,1,0
BRDA:73,7,0,9
BRDA:73,7,1,16
BRF:15
BRH:11
end_of_record
TN:
SF:src\components\ui\IconButton.tsx
FN:11,(anonymous_0)
FNF:1
FNH:1
FNDA:519,(anonymous_0)
DA:11,15
DA:13,519
DA:32,15
LF:3
LH:3
BRDA:12,0,0,519
BRF:1
BRH:1
end_of_record
TN:
SF:src\components\ui\Input.tsx
FN:13,(anonymous_0)
FNF:1
FNH:1
FNDA:1147,(anonymous_0)
DA:13,10
DA:15,1147
DA:16,1147
DA:17,1147
DA:23,1147
DA:70,10
LF:6
LH:6
BRDA:16,0,0,1147
BRDA:16,0,1,1147
BRDA:17,1,0,6
BRDA:17,1,1,1141
BRDA:19,2,0,381
BRDA:19,2,1,760
BRDA:25,3,0,1147
BRDA:25,3,1,1060
BRDA:37,4,0,6
BRDA:37,4,1,1141
BRDA:44,5,0,1147
BRDA:44,5,1,6
BRDA:45,6,0,1147
BRDA:45,6,1,273
BRDA:50,7,0,1147
BRDA:50,7,1,273
BRDA:56,8,0,6
BRDA:56,8,1,1141
BRDA:60,9,0,381
BRDA:60,9,1,760
BRF:20
BRH:20
end_of_record
TN:
SF:src\components\ui\Modal.tsx
FN:22,Modal
FN:31,(anonymous_1)
FN:39,onKeyDown
FN:49,(anonymous_3)
FN:67,(anonymous_4)
FN:80,(anonymous_5)
FNF:6
FNH:6
FNDA:235,Modal
FNDA:151,(anonymous_1)
FNDA:50,onKeyDown
FNDA:4,(anonymous_3)
FNDA:24,(anonymous_4)
FNDA:18,(anonymous_5)
DA:16,9
DA:29,235
DA:31,235
DA:32,151
DA:34,24
DA:36,24
DA:37,151
DA:40,50
DA:41,1
DA:42,1
DA:43,1
DA:45,49
DA:47,2
DA:49,4
DA:50,2
DA:51,2
DA:52,2
DA:54,0
DA:55,0
DA:56,0
DA:57,0
DA:58,0
DA:59,0
DA:60,0
DA:61,0
DA:62,0
DA:66,151
DA:67,151
DA:70,235
DA:72,106
DA:80,18
LF:31
LH:22
BRDA:32,0,0,127
BRDA:32,0,1,24
BRDA:37,1,0,151
BRDA:37,1,1,0
BRDA:40,2,0,1
BRDA:40,2,1,49
BRDA:45,3,0,47
BRDA:45,3,1,2
BRDA:45,4,0,49
BRDA:45,4,1,2
BRDA:50,5,0,2
BRDA:50,5,1,0
BRDA:57,6,0,0
BRDA:57,6,1,0
BRDA:57,7,0,0
BRDA:57,7,1,0
BRDA:60,8,0,0
BRDA:60,8,1,0
BRDA:60,9,0,0
BRDA:60,9,1,0
BRDA:70,10,0,129
BRDA:70,10,1,106
BRF:22
BRH:12
end_of_record
TN:
SF:src\components\ui\ModalHeader.tsx
FN:12,ModalHeader
FNF:1
FNH:1
FNDA:106,ModalHeader
DA:13,106
LF:1
LH:1
BRF:0
BRH:0
end_of_record
TN:
SF:src\components\ui\Overlay.tsx
FN:13,Overlay
FN:18,(anonymous_1)
FNF:2
FNH:2
FNDA:107,Overlay
FNDA:1,(anonymous_1)
DA:14,107
DA:19,1
LF:2
LH:2
BRDA:19,0,0,0
BRDA:19,0,1,1
BRF:2
BRH:1
end_of_record
TN:
SF:src\components\ui\Popover.tsx
FN:21,Popover
FN:31,(anonymous_1)
FN:34,onPointerDown
FN:39,onKeyDown
FN:45,(anonymous_4)
FNF:5
FNH:4
FNDA:44,Popover
FNDA:44,(anonymous_1)
FNDA:2,onPointerDown
FNDA:0,onKeyDown
FNDA:8,(anonymous_4)
DA:29,44
DA:31,44
DA:32,44
DA:35,2
DA:36,0
DA:40,0
DA:43,8
DA:44,8
DA:45,8
DA:46,8
DA:47,8
DA:51,44
LF:12
LH:10
BRDA:26,0,0,44
BRDA:32,1,0,36
BRDA:32,1,1,8
BRDA:35,2,0,0
BRDA:35,2,1,2
BRDA:35,3,0,2
BRDA:35,3,1,2
BRDA:40,4,0,0
BRDA:40,4,1,0
BRDA:54,5,0,44
BRDA:54,5,1,8
BRDA:59,6,0,8
BRDA:59,6,1,0
BRF:13
BRH:9
end_of_record
TN:
SF:src\components\ui\Skeleton.tsx
FN:9,Skeleton
FNF:1
FNH:1
FNDA:439,Skeleton
DA:10,439
LF:1
LH:1
BRF:0
BRH:0
end_of_record
TN:
SF:src\components\ui\Spinner.tsx
FN:10,Spinner
FNF:1
FNH:1
FNDA:39,Spinner
DA:11,39
LF:1
LH:1
BRDA:10,0,0,39
BRF:1
BRH:1
end_of_record
TN:
SF:src\components\ui\Tabs.tsx
FN:17,Tabs
FN:29,(anonymous_1)
FN:37,(anonymous_2)
FNF:3
FNH:3
FNDA:49,Tabs
FNDA:117,(anonymous_1)
FNDA:12,(anonymous_2)
DA:23,49
DA:30,117
DA:31,117
DA:37,12
LF:4
LH:4
BRDA:41,0,0,49
BRDA:41,0,1,68
BRF:2
BRH:2
end_of_record
TN:
SF:src\components\ui\Textarea.tsx
FN:13,(anonymous_0)
FNF:1
FNH:1
FNDA:52,(anonymous_0)
DA:13,4
DA:15,52
DA:16,52
DA:17,52
DA:23,52
DA:67,4
LF:6
LH:6
BRDA:16,0,0,52
BRDA:16,0,1,52
BRDA:17,1,0,1
BRDA:17,1,1,51
BRDA:19,2,0,0
BRDA:19,2,1,51
BRDA:25,3,0,52
BRDA:25,3,1,52
BRDA:36,4,0,1
BRDA:36,4,1,51
BRDA:43,5,0,52
BRDA:43,5,1,1
BRDA:49,6,0,1
BRDA:49,6,1,51
BRDA:53,7,0,0
BRDA:53,7,1,51
BRDA:60,8,0,52
BRDA:60,8,1,52
BRF:18
BRH:16
end_of_record
TN:
SF:src\components\ui\Toast.tsx
FN:23,Toast
FNF:1
FNH:1
FNDA:3,Toast
DA:13,1
DA:29,3
LF:2
LH:2
BRDA:25,0,0,3
BRDA:39,1,0,3
BRDA:39,1,1,3
BRF:3
BRH:3
end_of_record
TN:
SF:src\components\ui\Tooltip.tsx
FN:12,Tooltip
FN:18,(anonymous_1)
FN:19,(anonymous_2)
FN:20,(anonymous_3)
FN:21,(anonymous_4)
FNF:5
FNH:2
FNDA:2,Tooltip
FNDA:1,(anonymous_1)
FNDA:0,(anonymous_2)
FNDA:0,(anonymous_3)
FNDA:0,(anonymous_4)
DA:13,2
DA:15,2
DA:18,1
DA:19,0
DA:20,0
DA:21,0
LF:6
LH:3
BRDA:24,0,0,2
BRDA:24,0,1,1
BRF:2
BRH:2
end_of_record
TN:
SF:src\features\auth\api.ts
FN:10,login
FN:15,signup
FN:21,logout
FN:26,googleOAuthStart
FNF:4
FNH:4
FNDA:3,login
FNDA:2,signup
FNDA:2,logout
FNDA:1,googleOAuthStart
DA:11,3
DA:12,1
DA:16,2
DA:17,1
DA:22,2
DA:27,1
LF:6
LH:6
BRF:0
BRH:0
end_of_record
TN:
SF:src\features\auth\errors.ts
FN:12,getApiError
FN:20,status
FN:25,parseLoginError
FN:37,parseSignupError
FNF:4
FNH:4
FNDA:1,getApiError
FNDA:3,status
FNDA:2,parseLoginError
FNDA:1,parseSignupError
DA:13,1
DA:14,1
DA:15,1
DA:17,0
DA:21,3
DA:26,2
DA:28,1
DA:30,1
DA:32,0
DA:38,1
DA:39,1
DA:40,1
DA:41,1
DA:43,0
DA:44,0
DA:46,0
DA:48,0
DA:49,0
DA:51,0
LF:19
LH:11
BRDA:13,0,0,1
BRDA:13,0,1,0
BRDA:21,1,0,3
BRDA:21,1,1,0
BRDA:26,2,0,1
BRDA:26,2,1,1
BRDA:26,2,2,0
BRDA:38,3,0,1
BRDA:38,3,1,0
BRDA:40,4,0,1
BRDA:40,4,1,0
BRDA:43,5,0,0
BRDA:43,5,1,0
BRDA:48,6,0,0
BRDA:48,6,1,0
BRF:15
BRH:6
end_of_record
TN:
SF:src\features\auth\index.ts
FNF:0
FNH:0
LF:0
LH:0
BRF:0
BRH:0
end_of_record
TN:
SF:src\features\auth\schemas.ts
FN:26,(anonymous_0)
FNF:1
FNH:1
FNDA:9,(anonymous_0)
DA:4,7
DA:7,7
DA:12,7
DA:26,9
LF:4
LH:4
BRF:0
BRH:0
end_of_record
TN:
SF:src\features\auth\components\ForgotPasswordForm.tsx
FNF:0
FNH:0
LF:0
LH:0
BRF:0
BRH:0
end_of_record
TN:
SF:src\features\auth\components\GoogleOAuthButton.tsx
FN:10,GoogleOAuthButton
FN:18,(anonymous_1)
FNF:2
FNH:2
FNDA:8,GoogleOAuthButton
FNDA:1,(anonymous_1)
DA:13,8
DA:19,1
LF:2
LH:2
BRDA:11,0,0,8
BRF:1
BRH:1
end_of_record
TN:
SF:src\features\auth\components\LoginForm.tsx
FN:17,LoginForm
FN:30,(anonymous_1)
FN:47,(anonymous_2)
FN:66,(anonymous_3)
FN:77,(anonymous_4)
FN:83,(anonymous_5)
FN:83,(anonymous_6)
FNF:7
FNH:7
FNDA:68,LoginForm
FNDA:4,(anonymous_1)
FNDA:2,(anonymous_2)
FNDA:21,(anonymous_3)
FNDA:26,(anonymous_4)
FNDA:1,(anonymous_5)
FNDA:1,(anonymous_6)
DA:22,68
DA:23,68
DA:24,68
DA:25,68
DA:26,68
DA:28,68
DA:30,68
DA:31,4
DA:32,4
DA:33,4
DA:35,4
DA:36,4
DA:37,1
DA:38,1
DA:39,2
DA:40,2
DA:42,1
DA:43,1
DA:46,3
DA:47,2
DA:51,68
DA:53,68
DA:66,21
DA:77,26
DA:83,1
LF:25
LH:25
BRDA:36,0,0,1
BRDA:36,0,1,3
BRDA:40,1,0,2
BRDA:40,1,1,0
BRDA:40,2,0,2
BRDA:40,2,1,2
BRDA:51,3,0,68
BRDA:51,3,1,66
BRDA:55,4,0,68
BRDA:55,4,1,4
BRDA:74,5,0,1
BRDA:74,5,1,67
BRDA:82,6,0,1
BRDA:82,6,1,67
BRDA:86,7,0,1
BRDA:86,7,1,67
BRF:16
BRH:15
end_of_record
TN:
SF:src\features\auth\components\ResetPasswordForm.tsx
FNF:0
FNH:0
LF:0
LH:0
BRF:0
BRH:0
end_of_record
TN:
SF:src\features\auth\components\SignupForm.tsx
FN:14,passwordStrength
FN:26,SignupForm
FN:38,(anonymous_2)
FN:68,(anonymous_3)
FN:90,(anonymous_4)
FN:102,(anonymous_5)
FN:113,(anonymous_6)
FN:120,(anonymous_7)
FN:120,(anonymous_8)
FN:134,(anonymous_9)
FN:144,(anonymous_10)
FNF:11
FNH:9
FNDA:200,passwordStrength
FNDA:200,SignupForm
FNDA:5,(anonymous_2)
FNDA:1,(anonymous_3)
FNDA:34,(anonymous_4)
FNDA:45,(anonymous_5)
FNDA:50,(anonymous_6)
FNDA:0,(anonymous_7)
FNDA:0,(anonymous_8)
FNDA:50,(anonymous_9)
FNDA:4,(anonymous_10)
DA:15,200
DA:16,112
DA:18,77
DA:22,77
DA:23,77
DA:27,200
DA:28,200
DA:29,200
DA:30,200
DA:31,200
DA:32,200
DA:33,200
DA:34,200
DA:36,200
DA:38,200
DA:39,5
DA:40,5
DA:41,5
DA:43,5
DA:50,5
DA:51,3
DA:52,3
DA:53,3
DA:54,3
DA:56,3
DA:57,3
DA:60,2
DA:69,1
DA:70,1
DA:71,1
DA:77,200
DA:90,34
DA:102,45
DA:113,50
DA:120,0
DA:134,50
DA:144,4
LF:37
LH:36
BRDA:15,0,0,88
BRDA:15,0,1,112
BRDA:16,1,0,35
BRDA:16,1,1,77
BRDA:22,2,0,0
BRDA:22,2,1,77
BRDA:50,3,0,3
BRDA:50,3,1,2
BRDA:54,4,0,3
BRDA:54,4,1,0
BRDA:54,5,0,3
BRDA:54,5,1,3
BRDA:70,6,0,1
BRDA:70,6,1,0
BRDA:71,7,0,0
BRDA:71,7,1,1
BRDA:79,8,0,200
BRDA:79,8,1,0
BRDA:110,9,0,0
BRDA:110,9,1,200
BRDA:115,10,0,200
BRDA:115,10,1,88
BRDA:119,11,0,0
BRDA:119,11,1,200
BRDA:123,12,0,0
BRDA:123,12,1,200
BRDA:131,13,0,0
BRDA:131,13,1,200
BRDA:160,14,0,200
BRDA:160,14,1,1
BRF:30
BRH:21
end_of_record
TN:
SF:src\features\auth\hooks\useLogin.ts
FN:9,useLogin
FN:11,(anonymous_1)
FN:14,(anonymous_2)
FN:15,(anonymous_3)
FNF:4
FNH:4
FNDA:68,useLogin
FNDA:207,(anonymous_1)
FNDA:3,(anonymous_2)
FNDA:1,(anonymous_3)
DA:10,68
DA:11,207
DA:13,68
DA:14,3
DA:16,1
DA:17,1
LF:6
LH:6
BRF:0
BRH:0
end_of_record
TN:
SF:src\features\auth\hooks\useLogout.ts
FN:12,useLogout
FN:14,(anonymous_1)
FN:18,(anonymous_2)
FN:19,(anonymous_3)
FNF:4
FNH:4
FNDA:30,useLogout
FNDA:96,(anonymous_1)
FNDA:2,(anonymous_2)
FNDA:2,(anonymous_3)
DA:13,30
DA:14,96
DA:15,30
DA:17,30
DA:18,2
DA:20,2
DA:21,2
DA:22,2
LF:8
LH:8
BRF:0
BRH:0
end_of_record
TN:
SF:src\features\auth\hooks\usePasswordReset.ts
FNF:0
FNH:0
LF:0
LH:0
BRF:0
BRH:0
end_of_record
TN:
SF:src\features\auth\hooks\useSignup.ts
FN:9,useSignup
FN:11,(anonymous_1)
FN:14,(anonymous_2)
FN:15,(anonymous_3)
FNF:4
FNH:4
FNDA:200,useSignup
FNDA:603,(anonymous_1)
FNDA:2,(anonymous_2)
FNDA:1,(anonymous_3)
DA:10,200
DA:11,603
DA:13,200
DA:14,2
DA:16,1
DA:17,1
LF:6
LH:6
BRF:0
BRH:0
end_of_record
TN:
SF:src\features\chat\api.ts
FN:15,fetchConversations
FN:25,getConversation
FN:38,openDm
FN:46,markConversationRead
FN:59,fetchMessages
FN:71,sendMessage
FN:78,(anonymous_6)
FN:84,deleteMessage
FNF:8
FNH:5
FNDA:26,fetchConversations
FNDA:0,getConversation
FNDA:0,openDm
FNDA:0,markConversationRead
FNDA:11,fetchMessages
FNDA:3,sendMessage
FNDA:3,(anonymous_6)
FNDA:2,deleteMessage
DA:18,26
DA:21,24
DA:28,0
DA:31,0
DA:39,0
DA:42,0
DA:50,0
DA:63,11
DA:67,10
DA:75,3
DA:78,3
DA:80,2
DA:85,2
LF:13
LH:8
BRDA:19,0,0,0
BRDA:19,0,1,26
BRDA:65,1,0,1
BRDA:65,1,1,10
BRF:4
BRH:3
end_of_record
TN:
SF:src\features\chat\index.ts
FNF:0
FNH:0
LF:0
LH:0
BRF:0
BRH:0
end_of_record
TN:
SF:src\features\chat\components\AttachmentPreview.tsx
FN:15,AttachmentPreview
FN:23,(anonymous_1)
FN:24,(anonymous_2)
FNF:3
FNH:1
FNDA:39,AttachmentPreview
FNDA:0,(anonymous_1)
FNDA:0,(anonymous_2)
DA:19,39
DA:21,0
DA:24,0
LF:3
LH:1
BRDA:19,0,0,39
BRDA:19,0,1,0
BRDA:24,1,0,0
BRDA:24,1,1,0
BRF:4
BRH:1
end_of_record
TN:
SF:src\features\chat\components\ChatHeader.tsx
FN:28,ChatHeader
FN:102,(anonymous_1)
FNF:2
FNH:2
FNDA:10,ChatHeader
FNDA:6,(anonymous_1)
DA:20,2
DA:37,10
DA:39,10
DA:69,10
DA:103,6
LF:5
LH:5
BRDA:30,0,0,10
BRDA:39,1,0,5
BRDA:39,1,1,5
BRDA:41,2,0,1
BRDA:41,2,1,4
BRDA:44,3,0,0
BRDA:44,3,1,5
BRDA:55,4,0,1
BRDA:55,4,1,4
BRDA:55,5,0,5
BRDA:55,5,1,1
BRDA:58,6,0,1
BRDA:58,6,1,4
BRDA:72,7,0,5
BRDA:72,7,1,5
BRDA:86,8,0,5
BRDA:86,8,1,5
BRDA:87,9,0,4
BRDA:87,9,1,1
BRDA:98,10,0,5
BRDA:98,10,1,5
BRDA:100,11,0,10
BRDA:100,11,1,3
BRF:23
BRH:22
end_of_record
TN:
SF:src\features\chat\components\ChatWindow.tsx
FN:27,ChatWindow
FN:29,(anonymous_1)
FN:37,(anonymous_2)
FN:55,(anonymous_3)
FN:57,(anonymous_4)
FN:78,(anonymous_5)
FN:89,(anonymous_6)
FN:96,(anonymous_7)
FN:104,(anonymous_8)
FN:136,(anonymous_9)
FN:143,(anonymous_10)
FN:145,(anonymous_11)
FN:146,(anonymous_12)
FN:147,(anonymous_13)
FN:156,(anonymous_14)
FN:176,(anonymous_15)
FN:177,(anonymous_16)
FN:185,(anonymous_17)
FN:186,(anonymous_18)
FNF:19
FNH:0
FNDA:0,ChatWindow
FNDA:0,(anonymous_1)
FNDA:0,(anonymous_2)
FNDA:0,(anonymous_3)
FNDA:0,(anonymous_4)
FNDA:0,(anonymous_5)
FNDA:0,(anonymous_6)
FNDA:0,(anonymous_7)
FNDA:0,(anonymous_8)
FNDA:0,(anonymous_9)
FNDA:0,(anonymous_10)
FNDA:0,(anonymous_11)
FNDA:0,(anonymous_12)
FNDA:0,(anonymous_13)
FNDA:0,(anonymous_14)
FNDA:0,(anonymous_15)
FNDA:0,(anonymous_16)
FNDA:0,(anonymous_17)
FNDA:0,(anonymous_18)
DA:28,0
DA:29,0
DA:30,0
DA:33,0
DA:37,0
DA:38,0
DA:39,0
DA:40,0
DA:45,0
DA:46,0
DA:51,0
DA:55,0
DA:56,0
DA:57,0
DA:58,0
DA:66,0
DA:69,0
DA:70,0
DA:71,0
DA:76,0
DA:78,0
DA:80,0
DA:81,0
DA:89,0
DA:91,0
DA:96,0
DA:98,0
DA:104,0
DA:105,0
DA:106,0
DA:108,0
DA:109,0
DA:117,0
DA:125,0
DA:127,0
DA:129,0
DA:131,0
DA:137,0
DA:143,0
DA:145,0
DA:146,0
DA:156,0
DA:176,0
DA:177,0
DA:185,0
DA:186,0
LF:46
LH:0
BRDA:39,0,0,0
BRDA:39,0,1,0
BRDA:45,1,0,0
BRDA:45,1,1,0
BRDA:105,2,0,0
BRDA:105,2,1,0
BRDA:108,3,0,0
BRDA:108,3,1,0
BRDA:113,4,0,0
BRDA:113,4,1,0
BRDA:121,5,0,0
BRDA:121,5,1,0
BRDA:127,6,0,0
BRDA:127,6,1,0
BRDA:129,7,0,0
BRDA:129,7,1,0
BRDA:129,8,0,0
BRDA:129,8,1,0
BRDA:138,9,0,0
BRDA:138,9,1,0
BRDA:139,10,0,0
BRDA:139,10,1,0
BRDA:143,11,0,0
BRDA:143,11,1,0
BRDA:145,12,0,0
BRDA:145,12,1,0
BRDA:146,13,0,0
BRDA:146,13,1,0
BRDA:147,14,0,0
BRDA:147,14,1,0
BRDA:161,15,0,0
BRDA:161,15,1,0
BRF:32
BRH:0
end_of_record
TN:
SF:src\features\chat\components\EmptyChatState.tsx
FN:7,EmptyChatState
FNF:1
FNH:1
FNDA:1,EmptyChatState
DA:8,1
LF:1
LH:1
BRF:0
BRH:0
end_of_record
TN:
SF:src\features\chat\components\MessageBubble.tsx
FN:20,MessageBubble
FN:91,(anonymous_1)
FN:101,(anonymous_2)
FNF:3
FNH:2
FNDA:9,MessageBubble
FNDA:1,(anonymous_1)
FNDA:0,(anonymous_2)
DA:26,9
DA:27,1
DA:34,8
DA:36,8
DA:92,1
LF:5
LH:5
BRDA:22,0,0,9
BRDA:26,1,0,1
BRDA:26,1,1,8
BRDA:40,2,0,8
BRDA:40,2,1,7
BRDA:41,3,0,9
BRDA:41,3,1,2
BRDA:45,4,0,9
BRDA:45,4,1,7
BRDA:55,5,0,9
BRDA:55,5,1,7
BRDA:60,6,0,7
BRDA:60,6,1,5
BRDA:69,7,0,9
BRDA:69,7,1,2
BRDA:69,7,2,2
BRDA:73,8,0,9
BRDA:73,8,1,2
BRDA:75,9,0,2
BRDA:75,9,1,1
BRDA:80,10,0,2
BRDA:80,10,1,1
BRDA:89,11,0,9
BRDA:89,11,1,2
BRDA:89,11,2,2
BRDA:89,11,3,1
BRF:26
BRH:26
end_of_record
TN:
SF:src\features\chat\components\MessageComposer.tsx
FN:26,MessageComposer
FN:38,submit
FN:46,handleKeyDown
FN:73,(anonymous_3)
FNF:4
FNH:4
FNDA:40,MessageComposer
FNDA:4,submit
FNDA:31,handleKeyDown
FNDA:26,(anonymous_3)
DA:34,40
DA:35,40
DA:36,40
DA:39,4
DA:40,4
DA:41,3
DA:42,4
DA:43,4
DA:47,31
DA:48,3
DA:49,3
DA:53,40
DA:54,1
DA:61,39
DA:74,26
DA:75,26
LF:16
LH:16
BRDA:28,0,0,40
BRDA:32,1,0,40
BRDA:40,2,0,1
BRDA:40,2,1,3
BRDA:40,3,0,4
BRDA:40,3,1,3
BRDA:40,3,2,3
BRDA:47,4,0,3
BRDA:47,4,1,28
BRDA:47,5,0,31
BRDA:47,5,1,4
BRDA:53,6,0,1
BRDA:53,6,1,39
BRDA:85,7,0,39
BRDA:85,7,1,38
BRF:15
BRH:15
end_of_record
TN:
SF:src\features\chat\components\MessageHistory.tsx
FN:25,HistorySkeleton
FN:28,(anonymous_1)
FN:42,MessageHistory
FN:57,(anonymous_3)
FN:64,(anonymous_4)
FN:73,(anonymous_5)
FN:78,(anonymous_6)
FN:81,(anonymous_7)
FN:119,(anonymous_8)
FN:127,(anonymous_9)
FN:129,(anonymous_10)
FNF:11
FNH:0
FNDA:0,HistorySkeleton
FNDA:0,(anonymous_1)
FNDA:0,MessageHistory
FNDA:0,(anonymous_3)
FNDA:0,(anonymous_4)
FNDA:0,(anonymous_5)
FNDA:0,(anonymous_6)
FNDA:0,(anonymous_7)
FNDA:0,(anonymous_8)
FNDA:0,(anonymous_9)
FNDA:0,(anonymous_10)
DA:26,0
DA:29,0
DA:52,0
DA:53,0
DA:54,0
DA:57,0
DA:58,0
DA:59,0
DA:60,0
DA:64,0
DA:66,0
DA:67,0
DA:73,0
DA:74,0
DA:75,0
DA:76,0
DA:77,0
DA:78,0
DA:81,0
DA:82,0
DA:83,0
DA:84,0
DA:88,0
DA:89,0
DA:96,0
DA:120,0
DA:121,0
DA:122,0
DA:127,0
DA:130,0
LF:30
LH:0
BRDA:45,0,0,0
BRDA:46,1,0,0
BRDA:47,2,0,0
BRDA:59,3,0,0
BRDA:59,3,1,0
BRDA:59,4,0,0
BRDA:59,4,1,0
BRDA:66,5,0,0
BRDA:66,5,1,0
BRDA:66,6,0,0
BRDA:66,6,1,0
BRDA:66,6,2,0
BRDA:75,7,0,0
BRDA:75,7,1,0
BRDA:83,8,0,0
BRDA:83,8,1,0
BRDA:88,9,0,0
BRDA:88,9,1,0
BRDA:105,10,0,0
BRDA:105,10,1,0
BRDA:121,11,0,0
BRDA:121,11,1,0
BRDA:127,12,0,0
BRDA:127,12,1,0
BRDA:129,13,0,0
BRDA:129,13,1,0
BRDA:129,14,0,0
BRDA:129,14,1,0
BRF:28
BRH:0
end_of_record
TN:
SF:src\features\chat\components\MessageStatusIcon.tsx
FN:22,MessageStatusIcon
FNF:1
FNH:1
FNDA:7,MessageStatusIcon
DA:13,2
DA:23,7
DA:24,7
LF:3
LH:3
BRDA:29,0,0,1
BRDA:29,0,1,6
BRDA:29,1,0,1
BRDA:29,1,1,5
BRF:4
BRH:4
end_of_record
TN:
SF:src\features\chat\components\TypingIndicator.tsx
FN:7,label
FN:15,TypingIndicator
FNF:2
FNH:2
FNDA:3,label
FNDA:4,TypingIndicator
DA:8,3
DA:9,3
DA:10,2
DA:11,1
DA:16,4
DA:18,3
LF:6
LH:6
BRDA:8,0,0,0
BRDA:8,0,1,3
BRDA:9,1,0,1
BRDA:9,1,1,2
BRDA:10,2,0,1
BRDA:10,2,1,1
BRDA:16,3,0,1
BRDA:16,3,1,3
BRF:8
BRH:7
end_of_record
TN:
SF:src\features\chat\hooks\useConversation.ts
FN:6,(anonymous_0)
FN:9,useConversation
FN:12,(anonymous_2)
FNF:3
FNH:0
FNDA:0,(anonymous_0)
FNDA:0,useConversation
FNDA:0,(anonymous_2)
DA:6,1
DA:10,0
DA:12,0
LF:3
LH:1
BRF:0
BRH:0
end_of_record
TN:
SF:src\features\chat\hooks\useDeleteMessage.ts
FN:12,useDeleteMessage
FN:21,(anonymous_1)
FN:23,(anonymous_2)
FN:30,(anonymous_3)
FN:33,(anonymous_4)
FN:35,(anonymous_5)
FN:53,(anonymous_6)
FNF:7
FNH:7
FNDA:8,useDeleteMessage
FNDA:2,(anonymous_1)
FNDA:2,(anonymous_2)
FNDA:2,(anonymous_3)
FNDA:2,(anonymous_4)
FNDA:4,(anonymous_5)
FNDA:1,(anonymous_6)
DA:13,8
DA:14,8
DA:20,8
DA:21,2
DA:24,2
DA:25,2
DA:29,2
DA:32,2
DA:33,2
DA:36,4
DA:46,2
DA:50,2
DA:54,1
DA:55,1
DA:57,1
LF:15
LH:15
BRDA:32,0,0,0
BRDA:32,0,1,2
BRDA:36,1,0,2
BRDA:36,1,1,2
BRDA:54,2,0,1
BRDA:54,2,1,0
BRF:6
BRH:4
end_of_record
TN:
SF:src\features\chat\hooks\useMessages.ts
FN:11,(anonymous_0)
FN:16,formatTime
FN:23,toViewMessage
FN:68,useMessages
FN:72,(anonymous_4)
FN:77,(anonymous_5)
FN:80,(anonymous_6)
FN:84,(anonymous_7)
FN:88,(anonymous_8)
FN:91,(anonymous_9)
FN:93,(anonymous_10)
FN:99,(anonymous_11)
FN:114,(anonymous_12)
FN:118,(anonymous_13)
FN:121,(anonymous_14)
FN:123,(anonymous_15)
FN:143,(anonymous_16)
FN:152,(anonymous_17)
FN:155,(anonymous_18)
FN:157,(anonymous_19)
FN:174,(anonymous_20)
FN:175,(anonymous_21)
FNF:22
FNH:9
FNDA:49,(anonymous_0)
FNDA:35,formatTime
FNDA:39,toViewMessage
FNDA:30,useMessages
FNDA:90,(anonymous_4)
FNDA:11,(anonymous_5)
FNDA:59,(anonymous_6)
FNDA:0,(anonymous_7)
FNDA:0,(anonymous_8)
FNDA:0,(anonymous_9)
FNDA:0,(anonymous_10)
FNDA:0,(anonymous_11)
FNDA:0,(anonymous_12)
FNDA:0,(anonymous_13)
FNDA:0,(anonymous_14)
FNDA:0,(anonymous_15)
FNDA:0,(anonymous_16)
FNDA:0,(anonymous_17)
FNDA:0,(anonymous_18)
FNDA:0,(anonymous_19)
FNDA:20,(anonymous_20)
FNDA:39,(anonymous_21)
DA:11,4
DA:12,49
DA:17,35
DA:28,39
DA:29,39
DA:30,39
DA:31,39
DA:34,39
DA:38,39
DA:39,39
DA:42,39
DA:43,22
DA:44,19
DA:45,18
DA:48,39
DA:72,90
DA:73,30
DA:75,30
DA:77,11
DA:80,59
DA:84,30
DA:86,0
DA:87,0
DA:90,0
DA:91,0
DA:92,0
DA:93,0
DA:94,0
DA:96,0
DA:98,0
DA:100,0
DA:103,0
DA:105,0
DA:111,30
DA:114,30
DA:116,0
DA:117,0
DA:120,0
DA:121,0
DA:124,0
DA:134,0
DA:140,30
DA:143,30
DA:150,0
DA:151,0
DA:154,0
DA:155,0
DA:158,0
DA:163,0
DA:169,30
DA:172,30
DA:174,20
DA:175,39
DA:177,30
LF:54
LH:30
BRDA:28,0,0,39
BRDA:28,0,1,39
BRDA:30,1,0,39
BRDA:30,1,1,0
BRDA:31,2,0,22
BRDA:31,2,1,17
BRDA:32,3,0,22
BRDA:32,3,1,0
BRDA:33,4,0,17
BRDA:33,4,1,14
BRDA:34,5,0,22
BRDA:34,5,1,17
BRDA:35,6,0,22
BRDA:35,6,1,22
BRDA:36,7,0,17
BRDA:36,7,1,17
BRDA:42,8,0,22
BRDA:42,8,1,17
BRDA:43,9,0,3
BRDA:43,9,1,19
BRDA:44,10,0,1
BRDA:44,10,1,18
BRDA:52,11,0,39
BRDA:52,11,1,39
BRDA:53,12,0,39
BRDA:53,12,1,3
BRDA:54,13,0,4
BRDA:54,13,1,35
BRDA:54,14,0,39
BRDA:54,14,1,36
BRDA:80,15,0,59
BRDA:80,15,1,52
BRDA:86,16,0,0
BRDA:86,16,1,0
BRDA:86,17,0,0
BRDA:86,17,1,0
BRDA:90,18,0,0
BRDA:90,18,1,0
BRDA:92,19,0,0
BRDA:92,19,1,0
BRDA:96,20,0,0
BRDA:96,20,1,0
BRDA:98,21,0,0
BRDA:98,21,1,0
BRDA:116,22,0,0
BRDA:116,22,1,0
BRDA:120,23,0,0
BRDA:120,23,1,0
BRDA:124,24,0,0
BRDA:124,24,1,0
BRDA:150,25,0,0
BRDA:150,25,1,0
BRDA:154,26,0,0
BRDA:154,26,1,0
BRDA:158,27,0,0
BRDA:158,27,1,0
BRDA:172,28,0,30
BRDA:172,28,1,11
BRF:58
BRH:32
end_of_record
TN:
SF:src\features\chat\hooks\useReadReceipts.ts
FN:12,useReadReceipts
FN:15,(anonymous_1)
FN:18,(anonymous_2)
FNF:3
FNH:3
FNDA:3,useReadReceipts
FNDA:3,(anonymous_1)
FNDA:5,(anonymous_2)
DA:13,3
DA:15,3
DA:16,3
DA:18,5
DA:20,3
DA:21,2
DA:23,2
DA:26,2
DA:32,2
LF:9
LH:9
BRDA:18,0,0,5
BRDA:18,0,1,3
BRDA:20,1,0,1
BRDA:20,1,1,2
BRDA:21,2,0,0
BRDA:21,2,1,2
BRF:6
BRH:5
end_of_record
TN:
SF:src\features\chat\hooks\useSendMessage.ts
FN:18,makeOptimistic
FN:39,useSendMessage
FN:41,(anonymous_2)
FN:44,(anonymous_3)
FN:47,(anonymous_4)
FN:50,(anonymous_5)
FN:61,(anonymous_6)
FN:64,(anonymous_7)
FN:67,(anonymous_8)
FN:69,(anonymous_9)
FN:80,(anonymous_10)
FN:83,(anonymous_11)
FN:86,(anonymous_12)
FN:88,(anonymous_13)
FN:107,(anonymous_14)
FN:110,(anonymous_15)
FN:128,(anonymous_16)
FN:132,(anonymous_17)
FNF:18
FNH:18
FNDA:3,makeOptimistic
FNDA:11,useSendMessage
FNDA:33,(anonymous_2)
FNDA:3,(anonymous_3)
FNDA:3,(anonymous_4)
FNDA:3,(anonymous_5)
FNDA:2,(anonymous_6)
FNDA:2,(anonymous_7)
FNDA:2,(anonymous_8)
FNDA:6,(anonymous_9)
FNDA:1,(anonymous_10)
FNDA:1,(anonymous_11)
FNDA:1,(anonymous_12)
FNDA:3,(anonymous_13)
FNDA:3,(anonymous_14)
FNDA:3,(anonymous_15)
FNDA:2,(anonymous_16)
FNDA:1,(anonymous_17)
DA:24,3
DA:40,11
DA:41,33
DA:42,11
DA:44,11
DA:46,3
DA:49,3
DA:50,3
DA:51,3
DA:52,3
DA:54,3
DA:61,11
DA:63,2
DA:66,2
DA:67,2
DA:70,6
DA:73,2
DA:80,11
DA:82,1
DA:85,1
DA:86,1
DA:89,3
DA:94,1
DA:106,11
DA:107,3
DA:111,3
DA:113,3
DA:117,3
DA:123,3
DA:125,3
DA:129,2
DA:134,1
DA:135,1
LF:33
LH:33
BRDA:49,0,0,0
BRDA:49,0,1,3
BRDA:51,1,0,0
BRDA:51,1,1,3
BRDA:66,2,0,0
BRDA:66,2,1,2
BRDA:70,3,0,2
BRDA:70,3,1,4
BRDA:85,4,0,0
BRDA:85,4,1,1
BRDA:89,5,0,1
BRDA:89,5,1,2
BRDA:121,6,0,3
BRDA:121,6,1,0
BRDA:134,7,0,1
BRDA:134,7,1,0
BRF:16
BRH:10
end_of_record
TN:
SF:src\features\chat\hooks\useTyping.ts
FN:23,useTyping
FN:28,(anonymous_1)
FN:33,(anonymous_2)
FN:38,(anonymous_3)
FN:48,(anonymous_4)
FN:54,(anonymous_5)
FN:64,(anonymous_6)
FN:69,(anonymous_7)
FN:76,(anonymous_8)
FN:83,(anonymous_9)
FN:86,(anonymous_10)
FN:97,(anonymous_11)
FNF:12
FNH:9
FNDA:13,useTyping
FNDA:39,(anonymous_1)
FNDA:0,(anonymous_2)
FNDA:0,(anonymous_3)
FNDA:0,(anonymous_4)
FNDA:10,(anonymous_5)
FNDA:5,(anonymous_6)
FNDA:4,(anonymous_7)
FNDA:2,(anonymous_8)
FNDA:1,(anonymous_9)
FNDA:1,(anonymous_10)
FNDA:2,(anonymous_11)
DA:7,2
DA:8,2
DA:28,39
DA:29,13
DA:30,13
DA:31,13
DA:33,13
DA:34,0
DA:35,0
DA:38,13
DA:39,0
DA:40,0
DA:41,0
DA:42,0
DA:44,0
DA:45,0
DA:48,13
DA:49,0
DA:50,0
DA:54,13
DA:56,5
DA:64,13
DA:65,5
DA:69,13
DA:71,4
DA:75,2
DA:76,2
DA:80,13
DA:83,13
DA:85,1
DA:86,1
DA:87,1
DA:88,1
DA:89,1
DA:94,13
DA:96,13
DA:97,2
DA:100,13
LF:38
LH:28
BRDA:40,0,0,0
BRDA:40,0,1,0
BRDA:44,1,0,0
BRDA:44,1,1,0
BRDA:49,2,0,0
BRDA:49,2,1,0
BRDA:56,3,0,0
BRDA:56,3,1,5
BRDA:71,4,0,2
BRDA:71,4,1,2
BRDA:72,5,0,4
BRDA:72,5,1,3
BRDA:85,6,0,0
BRDA:85,6,1,1
BRDA:97,7,0,2
BRDA:97,7,1,0
BRF:16
BRH:7
end_of_record
TN:
SF:src\features\contacts\api.ts
FN:13,fetchFriends
FN:21,fetchContactRequests
FN:27,sendFriendRequest
FN:38,acceptFriendRequest
FN:48,declineFriendRequest
FN:53,removeFriend
FN:58,blockUser
FN:66,searchUsers
FNF:8
FNH:7
FNDA:17,fetchFriends
FNDA:0,fetchContactRequests
FNDA:3,sendFriendRequest
FNDA:4,acceptFriendRequest
FNDA:2,declineFriendRequest
FNDA:3,removeFriend
FNDA:3,blockUser
FNDA:7,searchUsers
DA:14,17
DA:17,15
DA:22,0
DA:23,0
DA:30,3
DA:34,2
DA:41,4
DA:44,3
DA:49,2
DA:54,3
DA:59,3
DA:62,2
DA:70,7
DA:73,6
LF:14
LH:12
BRDA:15,0,0,0
BRDA:15,0,1,17
BRDA:71,1,0,0
BRDA:71,1,1,7
BRF:4
BRH:2
end_of_record
TN:
SF:src\features\contacts\index.ts
FNF:0
FNH:0
LF:0
LH:0
BRF:0
BRH:0
end_of_record
TN:
SF:src\features\contacts\components\ChatList.tsx
FN:24,ListSkeleton
FN:27,(anonymous_1)
FN:40,toConversationSummary
FN:85,ChatList
FN:91,(anonymous_4)
FN:100,(anonymous_5)
FN:108,(anonymous_6)
FN:131,(anonymous_7)
FN:140,ChatsTab
FN:165,(anonymous_9)
FN:185,(anonymous_10)
FN:191,(anonymous_11)
FN:196,(anonymous_12)
FN:204,DirectoryTab
FN:223,(anonymous_14)
FN:224,(anonymous_15)
FN:247,(anonymous_16)
FN:256,(anonymous_17)
FN:266,(anonymous_18)
FN:267,(anonymous_19)
FN:268,(anonymous_20)
FN:291,(anonymous_21)
FN:300,(anonymous_22)
FN:304,(anonymous_23)
FN:321,(anonymous_24)
FN:324,(anonymous_25)
FN:336,(anonymous_26)
FN:339,(anonymous_27)
FNF:28
FNH:22
FNDA:21,ListSkeleton
FNDA:105,(anonymous_1)
FNDA:45,toConversationSummary
FNDA:22,ChatList
FNDA:1,(anonymous_4)
FNDA:1,(anonymous_5)
FNDA:1,(anonymous_6)
FNDA:0,(anonymous_7)
FNDA:28,ChatsTab
FNDA:0,(anonymous_9)
FNDA:23,(anonymous_10)
FNDA:23,(anonymous_11)
FNDA:1,(anonymous_12)
FNDA:24,DirectoryTab
FNDA:46,(anonymous_14)
FNDA:22,(anonymous_15)
FNDA:0,(anonymous_16)
FNDA:24,(anonymous_17)
FNDA:0,(anonymous_18)
FNDA:1,(anonymous_19)
FNDA:1,(anonymous_20)
FNDA:0,(anonymous_21)
FNDA:22,(anonymous_22)
FNDA:0,(anonymous_23)
FNDA:1,(anonymous_24)
FNDA:1,(anonymous_25)
FNDA:1,(anonymous_26)
FNDA:1,(anonymous_27)
DA:25,21
DA:28,105
DA:44,45
DA:45,12
DA:46,12
DA:51,12
DA:65,33
DA:66,33
DA:71,45
DA:86,22
DA:87,22
DA:88,22
DA:89,22
DA:91,22
DA:93,22
DA:100,1
DA:108,1
DA:131,0
DA:149,28
DA:154,28
DA:157,28
DA:158,14
DA:161,14
DA:162,1
DA:165,0
DA:172,13
DA:173,1
DA:185,12
DA:186,23
DA:189,12
DA:192,23
DA:196,1
DA:209,24
DA:215,24
DA:217,24
DA:218,24
DA:219,24
DA:221,24
DA:222,24
DA:223,46
DA:224,22
DA:226,24
DA:227,24
DA:229,24
DA:247,0
DA:257,24
DA:266,0
DA:267,1
DA:268,1
DA:291,0
DA:301,22
DA:304,0
DA:322,1
DA:324,1
DA:337,1
DA:339,1
LF:56
LH:50
BRDA:44,0,0,12
BRDA:44,0,1,33
BRDA:46,1,0,12
BRDA:46,1,1,0
BRDA:47,2,0,0
BRDA:47,2,1,12
BRDA:48,3,0,0
BRDA:48,3,1,0
BRDA:49,4,0,12
BRDA:49,4,1,0
BRDA:55,5,0,12
BRDA:55,5,1,12
BRDA:57,6,0,12
BRDA:57,6,1,0
BRDA:58,7,0,12
BRDA:58,7,1,0
BRDA:66,8,0,0
BRDA:66,8,1,33
BRDA:67,9,0,0
BRDA:67,9,1,0
BRDA:68,10,0,0
BRDA:68,10,1,0
BRDA:69,11,0,0
BRDA:69,11,1,0
BRDA:75,12,0,45
BRDA:75,12,1,33
BRDA:76,13,0,45
BRDA:76,13,1,33
BRDA:77,14,0,0
BRDA:77,14,1,33
BRDA:127,15,0,22
BRDA:127,15,1,15
BRDA:134,16,0,22
BRDA:134,16,1,7
BRDA:157,17,0,14
BRDA:157,17,1,14
BRDA:161,18,0,1
BRDA:161,18,1,13
BRDA:172,19,0,1
BRDA:172,19,1,12
BRDA:172,20,0,13
BRDA:172,20,1,13
BRDA:186,21,0,23
BRDA:186,21,1,23
BRDA:222,22,0,24
BRDA:222,22,1,0
BRDA:224,23,0,22
BRDA:224,23,1,22
BRDA:239,24,0,7
BRDA:239,24,1,17
BRDA:241,25,0,1
BRDA:241,25,1,16
BRDA:252,26,0,1
BRDA:252,26,1,15
BRDA:252,27,0,16
BRDA:252,27,1,16
BRDA:263,28,0,24
BRDA:263,28,1,24
BRDA:283,29,0,0
BRDA:283,29,1,24
BRDA:285,30,0,0
BRDA:285,30,1,24
BRDA:296,31,0,2
BRDA:296,31,1,22
BRDA:316,32,0,1
BRDA:316,32,1,23
BRDA:322,33,0,1
BRDA:322,33,1,0
BRDA:331,34,0,1
BRDA:331,34,1,23
BRDA:337,35,0,1
BRDA:337,35,1,0
BRF:72
BRH:52
end_of_record
TN:
SF:src\features\contacts\components\ChatSessionRow.tsx
FN:15,ChatSessionRow
FNF:1
FNH:1
FNDA:23,ChatSessionRow
DA:21,23
DA:22,23
DA:24,23
LF:3
LH:3
BRDA:17,0,0,23
BRDA:22,1,0,23
BRDA:22,1,1,0
BRDA:28,2,0,0
BRDA:28,2,1,23
BRDA:31,3,0,0
BRDA:31,3,1,23
BRDA:34,4,0,12
BRDA:34,4,1,11
BRDA:45,5,0,12
BRDA:45,5,1,11
BRDA:50,6,0,23
BRDA:50,6,1,12
BRDA:60,7,0,0
BRDA:60,7,1,23
BRDA:63,8,0,0
BRDA:63,8,1,23
BRF:17
BRH:12
end_of_record
TN:
SF:src\features\contacts\components\FindFriendsModal.tsx
FN:18,FindFriendsModal
FN:23,(anonymous_1)
FN:24,(anonymous_2)
FN:25,(anonymous_3)
FN:34,(anonymous_4)
FN:36,(anonymous_5)
FN:36,(anonymous_6)
FN:41,(anonymous_7)
FN:55,(anonymous_8)
FN:68,(anonymous_9)
FN:82,(anonymous_10)
FN:95,(anonymous_11)
FNF:12
FNH:11
FNDA:45,FindFriendsModal
FNDA:32,(anonymous_1)
FNDA:5,(anonymous_2)
FNDA:32,(anonymous_3)
FNDA:1,(anonymous_4)
FNDA:1,(anonymous_5)
FNDA:1,(anonymous_6)
FNDA:7,(anonymous_7)
FNDA:25,(anonymous_8)
FNDA:0,(anonymous_9)
FNDA:5,(anonymous_10)
FNDA:1,(anonymous_11)
DA:19,45
DA:20,45
DA:23,45
DA:24,32
DA:25,32
DA:28,45
DA:29,45
DA:32,45
DA:34,45
DA:35,1
DA:36,1
DA:41,45
DA:42,7
DA:43,1
DA:44,1
DA:45,1
DA:49,45
DA:55,25
DA:68,0
DA:83,5
DA:86,5
DA:95,1
LF:22
LH:21
BRDA:42,0,0,1
BRDA:42,0,1,6
BRDA:58,1,0,5
BRDA:58,1,1,40
BRDA:61,2,0,33
BRDA:61,2,1,12
BRDA:65,3,0,1
BRDA:65,3,1,11
BRDA:72,4,0,5
BRDA:72,4,1,6
BRDA:76,5,0,1
BRDA:76,5,1,5
BRDA:76,6,0,6
BRDA:76,6,1,6
BRDA:83,7,0,1
BRDA:83,7,1,4
BRDA:92,8,0,5
BRDA:92,8,1,1
BRF:18
BRH:18
end_of_record
TN:
SF:src\features\contacts\components\FriendRow.tsx
FN:23,FriendRow
FN:52,(anonymous_1)
FNF:2
FNH:2
FNDA:31,FriendRow
FNDA:39,(anonymous_1)
DA:15,2
DA:29,31
DA:53,39
LF:3
LH:3
BRDA:46,0,0,30
BRDA:46,0,1,1
BRDA:63,1,0,26
BRDA:63,1,1,5
BRDA:64,2,0,26
BRDA:64,2,1,5
BRF:6
BRH:6
end_of_record
TN:
SF:src\features\contacts\components\GroupRow.tsx
FN:14,GroupRow
FN:27,(anonymous_1)
FNF:2
FNH:2
FNDA:27,GroupRow
FNDA:31,(anonymous_1)
DA:15,27
DA:28,31
LF:2
LH:2
BRDA:38,0,0,2
BRDA:38,0,1,25
BRF:2
BRH:2
end_of_record
TN:
SF:src\features\contacts\components\UserSearchResultRow.tsx
FN:15,UserSearchResultRow
FNF:1
FNH:1
FNDA:12,UserSearchResultRow
DA:21,12
LF:1
LH:1
BRDA:18,0,0,12
BRDA:23,1,0,12
BRDA:23,1,1,12
BRDA:29,2,0,2
BRDA:29,2,1,10
BRDA:31,3,0,2
BRDA:31,3,1,8
BRDA:35,4,0,1
BRDA:35,4,1,7
BRDA:39,5,0,1
BRDA:39,5,1,6
BRDA:39,6,0,7
BRDA:39,6,1,6
BRDA:43,7,0,1
BRDA:43,7,1,5
BRF:15
BRH:15
end_of_record
TN:
SF:src\features\contacts\hooks\useBlockUser.ts
FN:10,useBlockUser
FN:15,(anonymous_1)
FN:16,(anonymous_2)
FN:19,(anonymous_3)
FN:20,(anonymous_4)
FN:24,(anonymous_5)
FN:30,(anonymous_6)
FNF:7
FNH:7
FNDA:32,useBlockUser
FNDA:3,(anonymous_1)
FNDA:3,(anonymous_2)
FNDA:3,(anonymous_3)
FNDA:6,(anonymous_4)
FNDA:1,(anonymous_5)
FNDA:2,(anonymous_6)
DA:11,32
DA:12,32
DA:14,32
DA:15,3
DA:17,3
DA:18,3
DA:19,3
DA:20,6
DA:22,3
DA:25,1
DA:26,1
DA:28,1
DA:31,2
DA:32,2
LF:14
LH:14
BRDA:20,0,0,3
BRDA:20,0,1,0
BRDA:25,1,0,1
BRDA:25,1,1,0
BRF:4
BRH:2
end_of_record
TN:
SF:src\features\contacts\hooks\useContacts.ts
FN:10,useContacts
FN:13,(anonymous_1)
FNF:2
FNH:2
FNDA:68,useContacts
FNDA:17,(anonymous_1)
DA:7,11
DA:11,68
DA:14,17
DA:15,15
LF:4
LH:4
BRF:0
BRH:0
end_of_record
TN:
SF:src\features\contacts\hooks\useConversations.ts
FN:13,useConversations
FN:18,(anonymous_1)
FN:25,(anonymous_2)
FN:28,(anonymous_3)
FN:31,(anonymous_4)
FN:47,useOpenDm
FN:52,(anonymous_6)
FN:53,(anonymous_7)
FNF:8
FNH:6
FNDA:62,useConversations
FNDA:26,(anonymous_1)
FNDA:3,(anonymous_2)
FNDA:3,(anonymous_3)
FNDA:2,(anonymous_4)
FNDA:24,useOpenDm
FNDA:0,(anonymous_6)
FNDA:0,(anonymous_7)
DA:10,8
DA:14,62
DA:16,62
DA:19,26
DA:20,24
DA:25,62
DA:27,3
DA:30,3
DA:31,2
DA:32,1
DA:38,62
DA:40,62
DA:48,24
DA:49,24
DA:51,24
DA:52,0
DA:54,0
DA:55,0
LF:18
LH:15
BRDA:30,0,0,1
BRDA:30,0,1,2
BRDA:31,1,0,1
BRDA:31,1,1,1
BRF:4
BRH:4
end_of_record
TN:
SF:src\features\contacts\hooks\useFriendRequest.ts
FN:12,useSendFriendRequest
FN:17,(anonymous_1)
FN:18,(anonymous_2)
FN:22,(anonymous_3)
FN:27,useAcceptFriendRequest
FN:32,(anonymous_5)
FN:33,(anonymous_6)
FN:37,(anonymous_7)
FN:43,useDeclineFriendRequest
FN:47,(anonymous_9)
FN:48,(anonymous_10)
FNF:11
FNH:9
FNDA:51,useSendFriendRequest
FNDA:3,(anonymous_1)
FNDA:2,(anonymous_2)
FNDA:1,(anonymous_3)
FNDA:3,useAcceptFriendRequest
FNDA:1,(anonymous_5)
FNDA:1,(anonymous_6)
FNDA:0,(anonymous_7)
FNDA:3,useDeclineFriendRequest
FNDA:1,(anonymous_9)
FNDA:0,(anonymous_10)
DA:13,51
DA:14,51
DA:16,51
DA:17,3
DA:19,2
DA:20,2
DA:22,1
DA:28,3
DA:29,3
DA:31,3
DA:32,1
DA:34,1
DA:35,1
DA:38,0
DA:44,3
DA:46,3
DA:47,1
DA:49,0
LF:18
LH:16
BRF:0
BRH:0
end_of_record
TN:
SF:src\features\contacts\hooks\useRemoveFriend.ts
FN:9,useRemoveFriend
FN:14,(anonymous_1)
FN:15,(anonymous_2)
FN:18,(anonymous_3)
FN:19,(anonymous_4)
FN:23,(anonymous_5)
FN:29,(anonymous_6)
FNF:7
FNH:7
FNDA:32,useRemoveFriend
FNDA:3,(anonymous_1)
FNDA:3,(anonymous_2)
FNDA:3,(anonymous_3)
FNDA:6,(anonymous_4)
FNDA:1,(anonymous_5)
FNDA:2,(anonymous_6)
DA:10,32
DA:11,32
DA:13,32
DA:14,3
DA:16,3
DA:17,3
DA:18,3
DA:19,6
DA:21,3
DA:24,1
DA:25,1
DA:27,1
DA:30,2
LF:13
LH:13
BRDA:19,0,0,3
BRDA:19,0,1,0
BRDA:24,1,0,1
BRDA:24,1,1,0
BRF:4
BRH:2
end_of_record
TN:
SF:src\features\contacts\hooks\useUserSearch.ts
FN:7,(anonymous_0)
FN:14,useUserSearch
FN:17,(anonymous_2)
FNF:3
FNH:3
FNDA:50,(anonymous_0)
FNDA:50,useUserSearch
FNDA:7,(anonymous_2)
DA:7,50
DA:15,50
DA:18,7
DA:19,6
LF:4
LH:4
BRF:0
BRH:0
end_of_record
TN:
SF:src\features\groups\api.ts
FN:16,createGroup
FN:22,fetchGroup
FN:28,updateGroup
FN:37,deleteGroup
FN:42,listGroupMembers
FN:54,addGroupMembers
FN:66,changeMemberRole
FN:79,removeGroupMember
FN:87,uploadGroupAvatar
FN:101,deleteGroupAvatar
FN:106,generateInviteLink
FN:116,acceptGroupInvite
FN:127,declineGroupInvite
FN:135,acceptJoinRequest
FN:146,declineJoinRequest
FNF:15
FNH:13
FNDA:3,createGroup
FNDA:8,fetchGroup
FNDA:2,updateGroup
FNDA:1,deleteGroup
FNDA:10,listGroupMembers
FNDA:2,addGroupMembers
FNDA:2,changeMemberRole
FNDA:3,removeGroupMember
FNDA:0,uploadGroupAvatar
FNDA:0,deleteGroupAvatar
FNDA:3,generateInviteLink
FNDA:2,acceptGroupInvite
FNDA:1,declineGroupInvite
FNDA:1,acceptJoinRequest
FNDA:2,declineJoinRequest
DA:17,3
DA:18,1
DA:23,8
DA:24,7
DA:32,2
DA:33,1
DA:38,1
DA:46,10
DA:50,10
DA:58,2
DA:62,1
DA:71,2
DA:75,1
DA:83,3
DA:91,0
DA:92,0
DA:93,0
DA:97,0
DA:102,0
DA:109,3
DA:112,3
DA:120,2
DA:123,2
DA:131,1
DA:139,1
DA:142,1
DA:150,2
LF:27
LH:22
BRDA:48,0,0,0
BRDA:48,0,1,10
BRF:2
BRH:1
end_of_record
TN:
SF:src\features\groups\index.ts
FNF:0
FNH:0
LF:0
LH:0
BRF:0
BRH:0
end_of_record
TN:
SF:src\features\groups\components\CreateGroupModal.tsx
FN:25,CreateGroupModal
FN:43,handleAvatarChange
FN:57,handleRemoveAvatar
FN:63,handleCreate
FN:66,(anonymous_4)
FN:68,(anonymous_5)
FN:71,(anonymous_6)
FN:88,(anonymous_7)
FN:131,(anonymous_8)
FN:153,(anonymous_9)
FNF:10
FNH:3
FNDA:31,CreateGroupModal
FNDA:0,handleAvatarChange
FNDA:0,handleRemoveAvatar
FNDA:1,handleCreate
FNDA:0,(anonymous_4)
FNDA:0,(anonymous_5)
FNDA:0,(anonymous_6)
FNDA:0,(anonymous_7)
FNDA:22,(anonymous_8)
FNDA:0,(anonymous_9)
DA:30,31
DA:31,31
DA:32,31
DA:33,31
DA:34,31
DA:35,31
DA:37,31
DA:38,31
DA:39,31
DA:41,31
DA:44,0
DA:45,0
DA:46,0
DA:47,0
DA:48,0
DA:49,0
DA:50,0
DA:52,0
DA:53,0
DA:54,0
DA:58,0
DA:59,0
DA:60,0
DA:64,1
DA:65,1
DA:66,0
DA:69,0
DA:71,0
DA:73,0
DA:79,31
DA:88,0
DA:131,22
DA:153,0
LF:33
LH:14
BRDA:28,0,0,31
BRDA:37,1,0,31
BRDA:41,2,0,31
BRDA:41,2,1,24
BRDA:46,3,0,0
BRDA:46,3,1,0
BRDA:48,4,0,0
BRDA:48,4,1,0
BRDA:64,5,0,0
BRDA:64,5,1,1
BRDA:69,6,0,0
BRDA:69,6,1,0
BRDA:93,7,0,31
BRDA:93,7,1,7
BRDA:94,8,0,31
BRDA:94,8,1,31
BRDA:102,9,0,31
BRDA:102,9,1,0
BRDA:122,10,0,31
BRDA:122,10,1,0
BRDA:137,11,0,1
BRDA:137,11,1,30
BRDA:147,12,0,5
BRDA:147,12,1,26
BRDA:178,13,0,1
BRDA:178,13,1,30
BRF:26
BRH:17
end_of_record
TN:
SF:src\features\groups\components\GroupSettingsModal.tsx
FN:37,GroupSettingsModal
FN:65,(anonymous_1)
FN:81,handleAvatarChange
FN:92,handleRemoveAvatar
FN:98,handleSaveProfile
FN:118,(anonymous_5)
FN:168,(anonymous_6)
FN:210,(anonymous_7)
FN:220,(anonymous_8)
FN:229,(anonymous_9)
FN:248,(anonymous_10)
FN:254,(anonymous_11)
FN:266,(anonymous_12)
FN:271,(anonymous_13)
FN:274,(anonymous_14)
FN:277,(anonymous_15)
FN:302,(anonymous_16)
FN:319,(anonymous_17)
FN:337,(anonymous_18)
FN:341,(anonymous_19)
FN:349,(anonymous_20)
FN:353,(anonymous_21)
FN:365,(anonymous_22)
FN:371,(anonymous_23)
FNF:24
FNH:5
FNDA:20,GroupSettingsModal
FNDA:11,(anonymous_1)
FNDA:0,handleAvatarChange
FNDA:0,handleRemoveAvatar
FNDA:0,handleSaveProfile
FNDA:18,(anonymous_5)
FNDA:0,(anonymous_6)
FNDA:0,(anonymous_7)
FNDA:0,(anonymous_8)
FNDA:0,(anonymous_9)
FNDA:0,(anonymous_10)
FNDA:0,(anonymous_11)
FNDA:2,(anonymous_12)
FNDA:0,(anonymous_13)
FNDA:0,(anonymous_14)
FNDA:0,(anonymous_15)
FNDA:1,(anonymous_16)
FNDA:0,(anonymous_17)
FNDA:0,(anonymous_18)
FNDA:0,(anonymous_19)
FNDA:0,(anonymous_20)
FNDA:0,(anonymous_21)
FNDA:0,(anonymous_22)
FNDA:0,(anonymous_23)
DA:42,20
DA:43,20
DA:44,20
DA:45,20
DA:46,20
DA:47,20
DA:48,20
DA:49,20
DA:52,20
DA:55,20
DA:56,20
DA:59,20
DA:60,20
DA:62,20
DA:65,20
DA:66,11
DA:67,5
DA:68,5
DA:73,20
DA:74,20
DA:75,20
DA:76,20
DA:77,20
DA:79,20
DA:82,0
DA:83,0
DA:84,0
DA:85,0
DA:86,0
DA:87,0
DA:88,0
DA:89,0
DA:93,0
DA:94,0
DA:95,0
DA:99,0
DA:101,0
DA:102,0
DA:103,0
DA:104,0
DA:105,0
DA:106,0
DA:108,0
DA:109,0
DA:110,0
DA:112,0
DA:114,0
DA:118,20
DA:119,18
DA:120,18
DA:121,0
DA:127,20
DA:168,0
DA:210,0
DA:220,0
DA:229,0
DA:248,0
DA:255,0
DA:267,2
DA:272,0
DA:275,0
DA:278,0
DA:302,1
DA:319,0
DA:338,0
DA:339,0
DA:341,0
DA:350,0
DA:351,0
DA:353,0
DA:366,0
DA:367,0
DA:369,0
DA:371,0
LF:74
LH:30
BRDA:56,0,0,20
BRDA:62,1,0,20
BRDA:62,1,1,14
BRDA:62,1,2,9
BRDA:62,1,3,9
BRDA:66,2,0,5
BRDA:66,2,1,6
BRDA:68,3,0,5
BRDA:68,3,1,0
BRDA:79,4,0,20
BRDA:79,4,1,6
BRDA:84,5,0,0
BRDA:84,5,1,0
BRDA:86,6,0,0
BRDA:86,6,1,0
BRDA:99,7,0,0
BRDA:99,7,1,0
BRDA:99,8,0,0
BRDA:99,8,1,0
BRDA:99,8,2,0
BRDA:101,9,0,0
BRDA:101,9,1,0
BRDA:114,10,0,0
BRDA:114,10,1,0
BRDA:114,11,0,0
BRDA:114,11,1,0
BRDA:120,12,0,18
BRDA:120,12,1,0
BRDA:122,13,0,0
BRDA:122,13,1,0
BRDA:154,14,0,20
BRDA:154,14,1,16
BRDA:156,15,0,6
BRDA:156,15,1,10
BRDA:173,16,0,10
BRDA:173,16,1,5
BRDA:174,17,0,10
BRDA:174,17,1,10
BRDA:174,17,2,10
BRDA:182,18,0,10
BRDA:182,18,1,10
BRDA:182,18,2,0
BRDA:202,19,0,10
BRDA:202,19,1,0
BRDA:212,20,0,0
BRDA:212,20,1,10
BRDA:228,21,0,10
BRDA:228,21,1,5
BRDA:228,21,2,5
BRDA:231,22,0,0
BRDA:231,22,1,10
BRDA:231,23,0,10
BRDA:231,23,1,10
BRDA:244,24,0,20
BRDA:244,24,1,1
BRDA:252,25,0,0
BRDA:252,25,1,1
BRDA:260,26,0,0
BRDA:260,26,1,1
BRDA:289,27,0,20
BRDA:289,27,1,3
BRDA:357,28,0,20
BRDA:357,28,1,1
BRDA:357,28,2,0
BRDA:366,29,0,0
BRDA:366,29,1,0
BRDA:366,30,0,0
BRDA:366,30,1,0
BRF:68
BRH:38
end_of_record
TN:
SF:src\features\groups\components\InviteMembersModal.tsx
FN:23,InviteMembersModal
FN:39,(anonymous_1)
FN:42,(anonymous_2)
FN:50,(anonymous_3)
FN:59,handleCopyLink
FN:62,(anonymous_5)
FN:64,(anonymous_6)
FN:68,handleInvite
FN:71,(anonymous_8)
FN:73,(anonymous_9)
FN:74,(anonymous_10)
FN:93,(anonymous_11)
FN:98,(anonymous_12)
FN:118,(anonymous_13)
FN:164,(anonymous_14)
FNF:15
FNH:4
FNDA:9,InviteMembersModal
FNDA:4,(anonymous_1)
FNDA:3,(anonymous_2)
FNDA:3,(anonymous_3)
FNDA:0,handleCopyLink
FNDA:0,(anonymous_5)
FNDA:0,(anonymous_6)
FNDA:0,handleInvite
FNDA:0,(anonymous_8)
FNDA:0,(anonymous_9)
FNDA:0,(anonymous_10)
FNDA:0,(anonymous_11)
FNDA:0,(anonymous_12)
FNDA:0,(anonymous_13)
FNDA:0,(anonymous_14)
DA:29,9
DA:30,9
DA:31,9
DA:32,9
DA:34,9
DA:35,9
DA:36,9
DA:37,9
DA:39,9
DA:42,9
DA:43,3
DA:44,2
DA:50,9
DA:51,3
DA:52,1
DA:53,1
DA:54,1
DA:55,1
DA:60,0
DA:61,0
DA:62,0
DA:63,0
DA:64,0
DA:69,0
DA:70,0
DA:71,0
DA:74,0
DA:75,0
DA:76,0
DA:82,9
DA:94,0
DA:99,0
DA:118,0
DA:164,0
LF:34
LH:19
BRDA:27,0,0,9
BRDA:34,1,0,9
BRDA:35,2,0,9
BRDA:43,3,0,2
BRDA:43,3,1,1
BRDA:43,4,0,3
BRDA:43,4,1,2
BRDA:43,4,2,2
BRDA:51,5,0,1
BRDA:51,5,1,2
BRDA:61,6,0,0
BRDA:61,6,1,0
BRDA:69,7,0,0
BRDA:69,7,1,0
BRDA:91,8,0,9
BRDA:91,8,1,0
BRDA:91,8,2,0
BRDA:91,8,3,0
BRDA:105,9,0,9
BRDA:105,9,1,0
BRDA:112,10,0,6
BRDA:112,10,1,3
BRDA:143,11,0,9
BRDA:143,11,1,8
BRDA:146,12,0,4
BRDA:146,12,1,5
BRDA:155,13,0,0
BRDA:155,13,1,9
BRDA:158,14,0,9
BRDA:158,14,1,0
BRDA:182,15,0,9
BRDA:182,15,1,0
BRDA:185,16,0,0
BRDA:185,16,1,9
BRF:34
BRH:22
end_of_record
TN:
SF:src\features\groups\components\MemberRow.tsx
FN:18,MemberRow
FN:41,(anonymous_1)
FN:52,(anonymous_2)
FN:53,(anonymous_3)
FN:56,(anonymous_4)
FNF:5
FNH:2
FNDA:2,MemberRow
FNDA:2,(anonymous_1)
FNDA:0,(anonymous_2)
FNDA:0,(anonymous_3)
FNDA:0,(anonymous_4)
DA:25,2
DA:27,2
DA:42,2
LF:3
LH:3
BRDA:20,0,0,2
BRDA:31,1,0,2
BRDA:31,1,1,2
BRDA:39,2,0,2
BRDA:39,2,1,2
BRDA:51,3,0,1
BRDA:51,3,1,1
BRDA:52,4,0,1
BRDA:52,4,1,0
BRDA:53,5,0,1
BRDA:53,5,1,0
BRDA:56,6,0,2
BRDA:56,6,1,0
BRF:13
BRH:10
end_of_record
TN:
SF:src\features\groups\hooks\useCreateGroup.ts
FN:14,useCreateGroup
FN:21,(anonymous_1)
FN:26,(anonymous_2)
FNF:3
FNH:3
FNDA:37,useCreateGroup
FNDA:1,(anonymous_1)
FNDA:2,(anonymous_2)
DA:15,37
DA:16,37
DA:17,37
DA:19,37
DA:22,1
DA:23,1
DA:24,1
DA:26,2
LF:8
LH:8
BRF:0
BRH:0
end_of_record
TN:
SF:src\features\groups\hooks\useGroupSettings.ts
FN:18,(anonymous_0)
FN:19,(anonymous_1)
FN:33,useGroupSettings
FN:38,(anonymous_3)
FN:42,(anonymous_4)
FN:52,(anonymous_5)
FN:67,(anonymous_6)
FN:71,(anonymous_7)
FN:73,(anonymous_8)
FN:87,(anonymous_9)
FN:97,(anonymous_10)
FN:112,useGroup
FN:115,(anonymous_12)
FN:121,useGroupMembers
FN:124,(anonymous_14)
FN:135,useUpdateGroup
FN:140,(anonymous_16)
FN:141,(anonymous_17)
FN:145,(anonymous_18)
FN:150,useDeleteGroup
FN:156,(anonymous_20)
FN:157,(anonymous_21)
FN:163,(anonymous_22)
FN:168,useChangeMemberRole
FN:177,(anonymous_24)
FN:178,(anonymous_25)
FN:184,(anonymous_26)
FN:186,(anonymous_27)
FN:190,(anonymous_28)
FN:197,(anonymous_29)
FN:204,useRemoveMember
FN:209,(anonymous_31)
FN:210,(anonymous_32)
FN:212,(anonymous_33)
FN:213,(anonymous_34)
FN:217,(anonymous_35)
FNF:36
FNH:34
FNDA:29,(anonymous_0)
FNDA:51,(anonymous_1)
FNDA:32,useGroupSettings
FNDA:96,(anonymous_3)
FNDA:2,(anonymous_4)
FNDA:3,(anonymous_5)
FNDA:3,(anonymous_6)
FNDA:2,(anonymous_7)
FNDA:1,(anonymous_8)
FNDA:2,(anonymous_9)
FNDA:2,(anonymous_10)
FNDA:24,useGroup
FNDA:8,(anonymous_12)
FNDA:31,useGroupMembers
FNDA:10,(anonymous_14)
FNDA:26,useUpdateGroup
FNDA:2,(anonymous_16)
FNDA:1,(anonymous_17)
FNDA:1,(anonymous_18)
FNDA:23,useDeleteGroup
FNDA:1,(anonymous_20)
FNDA:1,(anonymous_21)
FNDA:0,(anonymous_22)
FNDA:28,useChangeMemberRole
FNDA:2,(anonymous_24)
FNDA:2,(anonymous_25)
FNDA:2,(anonymous_26)
FNDA:4,(anonymous_27)
FNDA:1,(anonymous_28)
FNDA:1,(anonymous_29)
FNDA:23,useRemoveMember
FNDA:1,(anonymous_31)
FNDA:1,(anonymous_32)
FNDA:1,(anonymous_33)
FNDA:2,(anonymous_34)
FNDA:0,(anonymous_35)
DA:18,29
DA:19,8
DA:20,51
DA:37,32
DA:38,96
DA:39,32
DA:40,32
DA:42,32
DA:44,2
DA:45,2
DA:46,1
DA:50,32
DA:52,32
DA:54,3
DA:55,2
DA:58,2
DA:59,1
DA:60,1
DA:65,32
DA:67,32
DA:69,3
DA:70,2
DA:73,2
DA:74,1
DA:79,2
DA:80,1
DA:85,32
DA:87,32
DA:89,2
DA:90,1
DA:91,1
DA:95,32
DA:97,32
DA:99,2
DA:100,1
DA:106,32
DA:113,24
DA:115,8
DA:122,31
DA:125,10
DA:126,10
DA:136,26
DA:137,26
DA:139,26
DA:140,2
DA:142,1
DA:143,1
DA:145,1
DA:151,23
DA:152,23
DA:153,23
DA:155,23
DA:156,1
DA:158,1
DA:159,1
DA:160,1
DA:161,1
DA:163,0
DA:169,28
DA:170,28
DA:172,28
DA:177,2
DA:179,2
DA:180,2
DA:183,2
DA:186,4
DA:188,2
DA:191,1
DA:192,1
DA:193,1
DA:195,1
DA:198,1
DA:205,23
DA:206,23
DA:208,23
DA:209,1
DA:211,1
DA:213,2
DA:215,1
DA:217,0
LF:80
LH:78
BRDA:35,0,0,32
BRDA:45,1,0,1
BRDA:45,1,1,1
BRDA:45,2,0,2
BRDA:45,2,1,2
BRDA:54,3,0,1
BRDA:54,3,1,2
BRDA:58,4,0,1
BRDA:58,4,1,1
BRDA:69,5,0,1
BRDA:69,5,1,2
BRDA:73,6,0,2
BRDA:73,6,1,1
BRDA:74,7,0,1
BRDA:74,7,1,0
BRDA:79,8,0,1
BRDA:79,8,1,1
BRDA:79,9,0,2
BRDA:79,9,1,1
BRDA:89,10,0,1
BRDA:89,10,1,1
BRDA:99,11,0,1
BRDA:99,11,1,1
BRDA:186,12,0,2
BRDA:186,12,1,0
BRDA:186,13,0,2
BRDA:186,13,1,2
BRDA:192,14,0,1
BRDA:192,14,1,0
BRDA:213,15,0,1
BRDA:213,15,1,0
BRF:31
BRH:27
end_of_record
TN:
SF:src\features\groups\hooks\useInviteMembers.ts
FN:13,useInviteMembers
FN:18,(anonymous_1)
FN:19,(anonymous_2)
FN:24,(anonymous_3)
FN:28,(anonymous_4)
FN:29,(anonymous_5)
FNF:6
FNH:5
FNDA:18,useInviteMembers
FNDA:2,(anonymous_1)
FNDA:1,(anonymous_2)
FNDA:1,(anonymous_3)
FNDA:3,(anonymous_4)
FNDA:0,(anonymous_5)
DA:14,18
DA:15,18
DA:17,18
DA:18,2
DA:20,1
DA:21,1
DA:22,1
DA:24,1
DA:27,18
DA:28,3
DA:29,0
DA:32,18
LF:12
LH:11
BRDA:22,0,0,0
BRDA:22,0,1,1
BRF:2
BRH:1
end_of_record
TN:
SF:src\features\groups\hooks\useLeaveGroup.ts
FN:15,useLeaveGroup
FN:19,(anonymous_1)
FN:22,(anonymous_2)
FN:26,(anonymous_3)
FN:32,(anonymous_4)
FNF:5
FNH:5
FNDA:26,useLeaveGroup
FNDA:78,(anonymous_1)
FNDA:2,(anonymous_2)
FNDA:1,(anonymous_3)
FNDA:1,(anonymous_4)
DA:16,26
DA:17,26
DA:18,26
DA:19,78
DA:21,26
DA:23,2
DA:24,2
DA:27,1
DA:28,1
DA:29,1
DA:30,1
DA:32,1
LF:12
LH:12
BRDA:23,0,0,0
BRDA:23,0,1,2
BRF:2
BRH:1
end_of_record
TN:
SF:src\features\notifications\api.ts
FN:9,fetchNotifications
FN:19,fetchNotificationCount
FN:30,markNotificationsSeen
FNF:3
FNH:3
FNDA:8,fetchNotifications
FNDA:7,fetchNotificationCount
FNDA:6,markNotificationsSeen
DA:12,8
DA:15,6
DA:20,7
DA:23,7
DA:31,6
LF:5
LH:5
BRDA:13,0,0,0
BRDA:13,0,1,8
BRDA:31,1,0,0
BRDA:31,1,1,6
BRF:4
BRH:2
end_of_record
TN:
SF:src\features\notifications\index.ts
FNF:0
FNH:0
LF:0
LH:0
BRF:0
BRH:0
end_of_record
TN:
SF:src\features\notifications\components\FriendRequestItem.tsx
FN:14,FriendRequestItem
FN:39,(anonymous_1)
FN:51,(anonymous_2)
FNF:3
FNH:2
FNDA:7,FriendRequestItem
FNDA:1,(anonymous_1)
FNDA:0,(anonymous_2)
DA:15,7
DA:16,7
DA:17,7
DA:19,7
DA:40,1
DA:52,0
LF:6
LH:5
BRDA:17,0,0,7
BRDA:17,0,1,6
BRDA:23,1,0,7
BRDA:23,1,1,3
BRDA:38,2,0,7
BRDA:38,2,1,6
BRDA:40,3,0,1
BRDA:40,3,1,1
BRDA:50,4,0,7
BRDA:50,4,1,6
BRDA:52,5,0,0
BRDA:52,5,1,0
BRF:12
BRH:10
end_of_record
TN:
SF:src\features\notifications\components\GenericNotificationItem.tsx
FN:16,GenericNotificationItem
FN:48,(anonymous_1)
FNF:2
FNH:2
FNDA:5,GenericNotificationItem
FNDA:1,(anonymous_1)
DA:19,5
DA:20,5
DA:21,5
DA:24,5
DA:37,5
DA:48,1
LF:6
LH:6
BRDA:41,0,0,5
BRDA:41,0,1,1
BRDA:42,1,0,5
BRDA:42,1,1,3
BRDA:45,2,0,3
BRDA:45,2,1,2
BRF:6
BRH:6
end_of_record
TN:
SF:src\features\notifications\components\GroupInviteItem.tsx
FN:14,GroupInviteItem
FN:36,(anonymous_1)
FN:53,(anonymous_2)
FNF:3
FNH:2
FNDA:6,GroupInviteItem
FNDA:1,(anonymous_1)
FNDA:0,(anonymous_2)
DA:15,6
DA:16,6
DA:17,6
DA:18,6
DA:20,6
DA:37,1
DA:54,0
LF:7
LH:6
BRDA:17,0,0,6
BRDA:17,0,1,6
BRDA:18,1,0,6
BRDA:18,1,1,5
BRDA:24,2,0,6
BRDA:24,2,1,3
BRDA:27,3,0,6
BRDA:27,3,1,2
BRDA:35,4,0,6
BRDA:35,4,1,5
BRDA:37,5,0,1
BRDA:37,5,1,1
BRDA:37,5,2,1
BRDA:52,6,0,6
BRDA:52,6,1,5
BRDA:54,7,0,0
BRDA:54,7,1,0
BRDA:54,7,2,0
BRF:18
BRH:15
end_of_record
TN:
SF:src\features\notifications\components\JoinRequestItem.tsx
FN:14,JoinRequestItem
FN:40,(anonymous_1)
FN:57,(anonymous_2)
FNF:3
FNH:2
FNDA:4,JoinRequestItem
FNDA:0,(anonymous_1)
FNDA:1,(anonymous_2)
DA:15,4
DA:16,4
DA:17,4
DA:18,4
DA:20,4
DA:41,0
DA:58,1
LF:7
LH:6
BRDA:17,0,0,4
BRDA:17,0,1,4
BRDA:18,1,0,4
BRDA:18,1,1,4
BRDA:24,2,0,4
BRDA:24,2,1,1
BRDA:39,3,0,4
BRDA:39,3,1,3
BRDA:41,4,0,0
BRDA:41,4,1,0
BRDA:41,4,2,0
BRDA:56,5,0,4
BRDA:56,5,1,3
BRDA:58,6,0,1
BRDA:58,6,1,1
BRDA:58,6,2,1
BRF:16
BRH:13
end_of_record
TN:
SF:src\features\notifications\components\NotificationList.tsx
FN:15,renderItem
FN:33,NotificationList
FN:40,(anonymous_2)
FN:51,(anonymous_3)
FN:60,(anonymous_4)
FN:75,(anonymous_5)
FNF:6
FNH:4
FNDA:6,renderItem
FNDA:18,NotificationList
FNDA:4,(anonymous_2)
FNDA:0,(anonymous_3)
FNDA:36,(anonymous_4)
FNDA:0,(anonymous_5)
DA:16,6
DA:18,2
DA:20,2
DA:22,0
DA:24,2
DA:34,18
DA:35,18
DA:39,18
DA:40,18
DA:41,4
DA:44,18
DA:51,0
DA:61,36
DA:75,0
LF:14
LH:11
BRDA:16,0,0,2
BRDA:16,0,1,2
BRDA:16,0,2,0
BRDA:16,0,3,2
BRDA:34,1,0,18
BRDA:58,2,0,18
BRDA:58,2,1,12
BRDA:72,3,0,18
BRDA:72,3,1,6
BRDA:72,3,2,2
BRDA:81,4,0,18
BRDA:81,4,1,6
BRDA:81,4,2,4
BRDA:83,5,0,2
BRDA:83,5,1,2
BRF:15
BRH:14
end_of_record
TN:
SF:src\features\notifications\hooks\useNotificationActions.ts
FN:43,useNotificationActions
FN:47,(anonymous_1)
FN:49,(anonymous_2)
FN:50,(anonymous_3)
FN:57,(anonymous_4)
FN:58,(anonymous_5)
FN:64,(anonymous_6)
FN:67,(anonymous_7)
FN:68,(anonymous_8)
FN:69,(anonymous_9)
FN:75,(anonymous_10)
FN:77,(anonymous_11)
FN:83,(anonymous_12)
FN:86,(anonymous_13)
FN:88,(anonymous_14)
FN:89,(anonymous_15)
FN:95,(anonymous_16)
FN:97,(anonymous_17)
FN:104,(anonymous_18)
FN:108,(anonymous_19)
FN:110,(anonymous_20)
FN:111,(anonymous_21)
FNF:22
FNH:17
FNDA:38,useNotificationActions
FNDA:9,(anonymous_1)
FNDA:9,(anonymous_2)
FNDA:9,(anonymous_3)
FNDA:3,(anonymous_4)
FNDA:2,(anonymous_5)
FNDA:1,(anonymous_6)
FNDA:1,(anonymous_7)
FNDA:1,(anonymous_8)
FNDA:0,(anonymous_9)
FNDA:2,(anonymous_10)
FNDA:2,(anonymous_11)
FNDA:0,(anonymous_12)
FNDA:1,(anonymous_13)
FNDA:1,(anonymous_14)
FNDA:0,(anonymous_15)
FNDA:1,(anonymous_16)
FNDA:1,(anonymous_17)
FNDA:0,(anonymous_18)
FNDA:2,(anonymous_19)
FNDA:2,(anonymous_20)
FNDA:0,(anonymous_21)
DA:44,38
DA:45,38
DA:47,38
DA:48,9
DA:50,9
DA:54,38
DA:57,3
DA:59,2
DA:60,2
DA:61,2
DA:62,2
DA:64,1
DA:67,1
DA:68,1
DA:70,0
DA:75,2
DA:78,2
DA:79,2
DA:80,2
DA:81,2
DA:83,0
DA:86,1
DA:88,1
DA:90,0
DA:95,1
DA:98,1
DA:99,1
DA:102,1
DA:105,0
DA:108,2
DA:110,2
DA:112,0
LF:32
LH:27
BRDA:50,0,0,9
BRDA:50,0,1,0
BRF:2
BRH:1
end_of_record
TN:
SF:src\features\notifications\hooks\useNotifications.ts
FN:22,toKind
FN:52,toText
FN:73,mapNotification
FN:99,useNotifications
FN:104,(anonymous_4)
FN:110,(anonymous_5)
FN:113,(anonymous_6)
FN:118,(anonymous_7)
FN:134,useNotificationCount
FN:147,useMarkNotificationsSeen
FN:151,(anonymous_10)
FN:153,(anonymous_11)
FN:158,(anonymous_12)
FNF:13
FNH:13
FNDA:13,toKind
FNDA:13,toText
FNDA:13,mapNotification
FNDA:27,useNotifications
FNDA:8,(anonymous_4)
FNDA:3,(anonymous_5)
FNDA:3,(anonymous_6)
FNDA:3,(anonymous_7)
FNDA:25,useNotificationCount
FNDA:26,useMarkNotificationsSeen
FNDA:6,(anonymous_10)
FNDA:6,(anonymous_11)
FNDA:1,(anonymous_12)
DA:19,4
DA:20,4
DA:23,13
DA:25,4
DA:27,4
DA:29,1
DA:31,4
DA:53,13
DA:54,13
DA:56,4
DA:58,0
DA:60,4
DA:62,1
DA:64,4
DA:66,0
DA:68,0
DA:74,13
DA:100,27
DA:102,27
DA:105,8
DA:106,6
DA:110,27
DA:112,3
DA:113,3
DA:117,3
DA:119,3
DA:124,27
DA:126,27
DA:135,25
DA:139,25
DA:148,26
DA:150,26
DA:151,6
DA:154,6
DA:155,6
DA:156,6
DA:159,1
DA:160,1
LF:38
LH:35
BRDA:23,0,0,4
BRDA:23,0,1,4
BRDA:23,0,2,1
BRDA:23,0,3,4
BRDA:53,1,0,13
BRDA:53,1,1,1
BRDA:54,2,0,4
BRDA:54,2,1,0
BRDA:54,2,2,4
BRDA:54,2,3,1
BRDA:54,2,4,4
BRDA:54,2,5,0
BRDA:54,2,6,0
BRDA:64,3,0,4
BRDA:64,3,1,0
BRDA:68,4,0,0
BRDA:68,4,1,0
BRDA:78,5,0,13
BRDA:78,5,1,1
BRDA:79,6,0,13
BRDA:79,6,1,1
BRDA:80,7,0,13
BRDA:80,7,1,1
BRDA:81,8,0,13
BRDA:81,8,1,13
BRDA:115,9,0,3
BRDA:115,9,1,1
BRDA:119,10,0,3
BRDA:119,10,1,2
BRDA:139,11,0,25
BRDA:139,11,1,9
BRDA:159,12,0,1
BRDA:159,12,1,0
BRF:33
BRH:26
end_of_record
TN:
SF:src\features\presence\api.ts
FN:6,updatePresence
FNF:1
FNH:1
FNDA:3,updatePresence
DA:9,3
DA:13,2
LF:2
LH:2
BRF:0
BRH:0
end_of_record
TN:
SF:src\features\presence\index.ts
FNF:0
FNH:0
LF:0
LH:0
BRF:0
BRH:0
end_of_record
TN:
SF:src\features\presence\presence.ts
FN:8,toUiPresence
FN:17,toSettableStatus
FNF:2
FNH:2
FNDA:64,toUiPresence
FNDA:5,toSettableStatus
DA:9,64
DA:18,5
DA:20,1
DA:22,1
DA:24,2
DA:26,1
LF:6
LH:6
BRDA:9,0,0,16
BRDA:9,0,1,48
BRDA:18,1,0,1
BRDA:18,1,1,1
BRDA:18,1,2,2
BRDA:18,1,3,1
BRF:6
BRH:6
end_of_record
TN:
SF:src\features\presence\components\PresenceSelector.tsx
FN:28,PresenceSelector
FN:35,(anonymous_1)
FN:45,(anonymous_2)
FNF:3
FNH:3
FNDA:11,PresenceSelector
FNDA:44,(anonymous_1)
FNDA:2,(anonymous_2)
DA:16,2
DA:33,11
DA:36,44
DA:37,44
DA:38,44
DA:45,2
LF:6
LH:6
BRDA:29,0,0,11
BRDA:49,1,0,11
BRDA:49,1,1,33
BRDA:56,2,0,44
BRDA:56,2,1,5
BRF:5
BRH:5
end_of_record
TN:
SF:src\features\presence\hooks\usePresence.ts
FN:17,usePresence
FN:20,(anonymous_1)
FN:23,(anonymous_2)
FN:26,(anonymous_3)
FNF:4
FNH:0
FNDA:0,usePresence
FNDA:0,(anonymous_1)
FNDA:0,(anonymous_2)
FNDA:0,(anonymous_3)
DA:18,0
DA:20,0
DA:22,0
DA:25,0
DA:26,0
DA:27,0
DA:37,0
LF:7
LH:0
BRDA:25,0,0,0
BRDA:25,0,1,0
BRDA:27,1,0,0
BRDA:27,1,1,0
BRDA:27,2,0,0
BRDA:27,2,1,0
BRF:6
BRH:0
end_of_record
TN:
SF:src\features\presence\hooks\usePresenceFeed.ts
FN:15,usePresenceFeed
FN:18,(anonymous_1)
FN:21,(anonymous_2)
FN:24,(anonymous_3)
FNF:4
FNH:4
FNDA:3,usePresenceFeed
FNDA:3,(anonymous_1)
FNDA:3,(anonymous_2)
FNDA:4,(anonymous_3)
DA:16,3
DA:18,3
DA:20,3
DA:23,3
DA:24,2
DA:25,4
DA:33,3
LF:7
LH:7
BRDA:23,0,0,1
BRDA:23,0,1,2
BRDA:25,1,0,1
BRDA:25,1,1,3
BRF:4
BRH:4
end_of_record
TN:
SF:src\features\presence\hooks\useUpdatePresence.ts
FN:14,useUpdatePresence
FN:16,(anonymous_1)
FN:20,(anonymous_2)
FN:21,(anonymous_3)
FN:25,(anonymous_4)
FN:31,(anonymous_5)
FN:38,(anonymous_6)
FN:39,(anonymous_7)
FNF:8
FNH:8
FNDA:30,useUpdatePresence
FNDA:98,(anonymous_1)
FNDA:3,(anonymous_2)
FNDA:3,(anonymous_3)
FNDA:3,(anonymous_4)
FNDA:1,(anonymous_5)
FNDA:2,(anonymous_6)
FNDA:2,(anonymous_7)
DA:15,30
DA:16,98
DA:17,30
DA:19,30
DA:20,3
DA:22,3
DA:23,3
DA:24,3
DA:25,3
DA:26,3
DA:28,3
DA:29,3
DA:32,1
DA:33,1
DA:34,1
DA:36,1
DA:39,2
DA:40,2
DA:42,2
LF:19
LH:19
BRDA:26,0,0,3
BRDA:26,0,1,0
BRDA:32,1,0,1
BRDA:32,1,1,0
BRDA:40,2,0,2
BRDA:40,2,1,0
BRF:6
BRH:3
end_of_record
TN:
SF:src\features\settings\api.ts
FN:12,getMe
FN:18,updateProfile
FN:26,uploadAvatar
FN:37,deleteAvatar
FN:42,fetchBlockedUsers
FN:48,unblockUser
FN:53,requestPasswordReset
FNF:7
FNH:7
FNDA:19,getMe
FNDA:1,updateProfile
FNDA:1,uploadAvatar
FNDA:1,deleteAvatar
FNDA:4,fetchBlockedUsers
FNDA:1,unblockUser
FNDA:1,requestPasswordReset
DA:13,19
DA:14,19
DA:21,1
DA:22,1
DA:27,1
DA:28,1
DA:29,1
DA:33,1
DA:38,1
DA:43,4
DA:44,3
DA:49,1
DA:54,1
LF:13
LH:13
BRF:0
BRH:0
end_of_record
TN:
SF:src\features\settings\index.ts
FNF:0
FNH:0
LF:0
LH:0
BRF:0
BRH:0
end_of_record
TN:
SF:src\features\settings\schemas.ts
FN:30,validateAvatarFile
FNF:1
FNH:1
FNDA:4,validateAvatarFile
DA:6,5
DA:7,5
DA:9,5
DA:21,5
DA:22,5
DA:31,4
DA:32,1
DA:34,3
DA:35,1
DA:37,2
LF:10
LH:10
BRDA:31,0,0,1
BRDA:31,0,1,3
BRDA:34,1,0,1
BRDA:34,1,1,2
BRF:4
BRH:4
end_of_record
TN:
SF:src\features\settings\components\BlockedUsersSection.tsx
FN:11,BlockedUsersSection
FN:40,(anonymous_1)
FN:48,(anonymous_2)
FN:71,(anonymous_3)
FN:90,(anonymous_4)
FN:93,(anonymous_5)
FNF:6
FNH:5
FNDA:12,BlockedUsersSection
FNDA:0,(anonymous_1)
FNDA:10,(anonymous_2)
FNDA:1,(anonymous_3)
FNDA:1,(anonymous_4)
FNDA:1,(anonymous_5)
DA:12,12
DA:13,12
DA:14,12
DA:16,12
DA:40,0
DA:49,10
DA:71,1
DA:91,1
DA:93,1
LF:9
LH:8
BRDA:30,0,0,4
BRDA:30,0,1,8
BRDA:35,1,0,1
BRDA:35,1,1,7
BRDA:44,2,0,1
BRDA:44,2,1,6
BRDA:44,3,0,7
BRDA:44,3,1,7
BRDA:56,4,0,10
BRDA:56,4,1,10
BRDA:72,5,0,10
BRDA:72,5,1,3
BRDA:85,6,0,1
BRDA:85,6,1,11
BRDA:91,7,0,1
BRDA:91,7,1,0
BRF:16
BRH:15
end_of_record
TN:
SF:src\features\settings\components\LogoutButton.tsx
FN:8,LogoutButton
FN:16,(anonymous_1)
FN:32,(anonymous_2)
FN:33,(anonymous_3)
FNF:4
FNH:4
FNDA:8,LogoutButton
FNDA:2,(anonymous_1)
FNDA:1,(anonymous_2)
FNDA:2,(anonymous_3)
DA:9,8
DA:10,8
DA:12,8
DA:16,2
DA:32,1
DA:33,2
LF:6
LH:6
BRF:0
BRH:0
end_of_record
TN:
SF:src\features\settings\components\ProfileSection.tsx
FN:19,ProfileSection
FN:32,(anonymous_1)
FN:44,(anonymous_2)
FN:46,(anonymous_3)
FN:51,(anonymous_4)
FN:54,handleSubmit
FN:74,handleAvatarChange
FN:118,(anonymous_7)
FN:128,(anonymous_8)
FN:157,(anonymous_9)
FN:173,(anonymous_10)
FNF:11
FNH:9
FNDA:42,ProfileSection
FNDA:14,(anonymous_1)
FNDA:28,(anonymous_2)
FNDA:0,(anonymous_3)
FNDA:15,(anonymous_4)
FNDA:2,handleSubmit
FNDA:1,handleAvatarChange
FNDA:0,(anonymous_7)
FNDA:1,(anonymous_8)
FNDA:9,(anonymous_9)
FNDA:1,(anonymous_10)
DA:20,42
DA:21,42
DA:22,42
DA:23,42
DA:24,42
DA:26,42
DA:27,42
DA:28,42
DA:29,42
DA:32,42
DA:33,14
DA:34,14
DA:35,14
DA:39,42
DA:44,42
DA:45,28
DA:46,15
DA:47,0
DA:48,0
DA:50,15
DA:51,15
DA:55,2
DA:56,2
DA:57,2
DA:58,1
DA:59,1
DA:60,1
DA:61,1
DA:63,1
DA:64,1
DA:66,1
DA:67,1
DA:68,1
DA:75,1
DA:76,1
DA:77,1
DA:78,1
DA:79,1
DA:80,0
DA:81,0
DA:83,1
DA:84,1
DA:87,42
DA:89,42
DA:118,0
DA:128,1
DA:157,9
DA:173,1
LF:48
LH:43
BRDA:33,0,0,14
BRDA:33,0,1,0
BRDA:35,1,0,14
BRDA:35,1,1,14
BRDA:39,2,0,42
BRDA:39,2,1,0
BRDA:40,3,0,42
BRDA:40,3,1,22
BRDA:40,4,0,22
BRDA:40,4,1,22
BRDA:45,5,0,13
BRDA:45,5,1,15
BRDA:57,6,0,1
BRDA:57,6,1,1
BRDA:61,7,0,1
BRDA:61,7,1,0
BRDA:61,8,0,1
BRDA:61,8,1,1
BRDA:70,9,0,1
BRDA:70,9,1,0
BRDA:77,10,0,0
BRDA:77,10,1,1
BRDA:79,11,0,0
BRDA:79,11,1,1
BRDA:87,12,0,42
BRDA:87,12,1,40
BRDA:102,13,0,42
BRDA:102,13,1,0
BRDA:103,14,0,42
BRDA:103,14,1,37
BRDA:106,15,0,42
BRDA:106,15,1,4
BRDA:123,16,0,42
BRDA:123,16,1,5
BRDA:136,17,0,42
BRDA:136,17,1,0
BRDA:164,18,0,42
BRDA:164,18,1,0
BRDA:184,19,0,42
BRDA:184,19,1,22
BRF:40
BRH:31
end_of_record
TN:
SF:src\features\settings\components\SecuritySection.tsx
FN:10,SecuritySection
FN:39,(anonymous_1)
FNF:2
FNH:2
FNDA:5,SecuritySection
FNDA:1,(anonymous_1)
DA:11,5
DA:12,5
DA:13,5
DA:15,5
DA:39,1
LF:5
LH:5
BRDA:26,0,0,5
BRDA:26,0,1,0
BRDA:39,1,0,1
BRDA:39,1,1,1
BRDA:41,2,0,5
BRDA:41,2,1,5
BRDA:43,3,0,1
BRDA:43,3,1,4
BRDA:47,4,0,5
BRDA:47,4,1,1
BRF:10
BRH:9
end_of_record
TN:
SF:src\features\settings\hooks\useAvatar.ts
FN:10,useUploadAvatar
FN:12,(anonymous_1)
FN:16,(anonymous_2)
FN:17,(anonymous_3)
FN:18,(anonymous_4)
FN:24,(anonymous_5)
FN:29,useDeleteAvatar
FN:31,(anonymous_7)
FN:35,(anonymous_8)
FN:36,(anonymous_9)
FN:37,(anonymous_10)
FN:43,(anonymous_11)
FNF:12
FNH:10
FNDA:42,useUploadAvatar
FNDA:129,(anonymous_1)
FNDA:1,(anonymous_2)
FNDA:1,(anonymous_3)
FNDA:1,(anonymous_4)
FNDA:0,(anonymous_5)
FNDA:42,useDeleteAvatar
FNDA:129,(anonymous_7)
FNDA:1,(anonymous_8)
FNDA:1,(anonymous_9)
FNDA:1,(anonymous_10)
FNDA:0,(anonymous_11)
DA:11,42
DA:12,129
DA:13,42
DA:15,42
DA:16,1
DA:18,1
DA:19,1
DA:21,1
DA:22,1
DA:24,0
DA:30,42
DA:31,129
DA:32,42
DA:34,42
DA:35,1
DA:37,1
DA:38,1
DA:40,1
DA:41,1
DA:43,0
LF:20
LH:18
BRDA:19,0,0,1
BRDA:19,0,1,0
BRDA:38,1,0,1
BRDA:38,1,1,0
BRF:4
BRH:2
end_of_record
TN:
SF:src\features\settings\hooks\useBlockedUsers.ts
FN:11,useBlockedUsers
FN:19,useUnblockUser
FN:24,(anonymous_2)
FN:25,(anonymous_3)
FN:26,(anonymous_4)
FN:27,(anonymous_5)
FN:31,(anonymous_6)
FNF:7
FNH:6
FNDA:12,useBlockedUsers
FNDA:12,useUnblockUser
FNDA:1,(anonymous_2)
FNDA:1,(anonymous_3)
FNDA:1,(anonymous_4)
FNDA:2,(anonymous_5)
FNDA:0,(anonymous_6)
DA:8,5
DA:12,12
DA:20,12
DA:21,12
DA:23,12
DA:24,1
DA:26,1
DA:27,2
DA:29,1
DA:31,0
LF:10
LH:9
BRDA:27,0,0,1
BRDA:27,0,1,0
BRF:2
BRH:1
end_of_record
TN:
SF:src\features\settings\hooks\useChangePassword.ts
FN:12,useRequestPasswordReset
FN:16,(anonymous_1)
FN:17,(anonymous_2)
FN:19,(anonymous_3)
FNF:4
FNH:3
FNDA:5,useRequestPasswordReset
FNDA:1,(anonymous_1)
FNDA:1,(anonymous_2)
FNDA:0,(anonymous_3)
DA:13,5
DA:15,5
DA:16,1
DA:18,1
DA:19,0
LF:5
LH:4
BRF:0
BRH:0
end_of_record
TN:
SF:src\features\settings\hooks\useMe.ts
FN:14,useMe
FN:15,(anonymous_1)
FNF:2
FNH:2
FNDA:69,useMe
FNDA:214,(anonymous_1)
DA:8,5
DA:15,214
DA:16,69
LF:3
LH:3
BRDA:19,0,0,64
BRDA:19,0,1,5
BRF:2
BRH:2
end_of_record
TN:
SF:src\features\settings\hooks\useUpdateProfile.ts
FN:11,useUpdateProfile
FN:13,(anonymous_1)
FN:17,(anonymous_2)
FN:18,(anonymous_3)
FN:23,(anonymous_4)
FNF:5
FNH:4
FNDA:42,useUpdateProfile
FNDA:129,(anonymous_1)
FNDA:1,(anonymous_2)
FNDA:1,(anonymous_3)
FNDA:0,(anonymous_4)
DA:12,42
DA:13,129
DA:14,42
DA:16,42
DA:17,1
DA:19,1
DA:20,1
DA:21,1
DA:23,0
LF:9
LH:8
BRF:0
BRH:0
end_of_record
TN:
SF:src\hooks\useAuth.ts
FN:5,useAuth
FN:6,(anonymous_1)
FN:7,(anonymous_2)
FNF:3
FNH:3
FNDA:52,useAuth
FNDA:157,(anonymous_1)
FNDA:157,(anonymous_2)
DA:6,157
DA:7,157
DA:8,52
LF:3
LH:3
BRF:0
BRH:0
end_of_record
TN:
SF:src\hooks\useSocket.ts
FN:26,(anonymous_0)
FN:31,useSocket
FN:32,(anonymous_2)
FN:33,(anonymous_3)
FN:37,(anonymous_4)
FN:45,(anonymous_5)
FN:60,(anonymous_6)
FN:61,(anonymous_7)
FN:67,(anonymous_8)
FNF:9
FNH:0
FNDA:0,(anonymous_0)
FNDA:0,useSocket
FNDA:0,(anonymous_2)
FNDA:0,(anonymous_3)
FNDA:0,(anonymous_4)
FNDA:0,(anonymous_5)
FNDA:0,(anonymous_6)
FNDA:0,(anonymous_7)
FNDA:0,(anonymous_8)
DA:21,9
DA:26,0
DA:32,0
DA:33,0
DA:34,0
DA:35,0
DA:37,0
DA:38,0
DA:39,0
DA:40,0
DA:43,0
DA:45,0
DA:46,0
DA:47,0
DA:48,0
DA:50,0
DA:53,0
DA:54,0
DA:60,0
DA:61,0
DA:63,0
DA:64,0
DA:65,0
DA:67,0
DA:68,0
DA:69,0
DA:70,0
DA:71,0
DA:72,0
LF:29
LH:1
BRDA:22,0,0,9
BRDA:22,0,1,0
BRDA:26,1,0,0
BRDA:26,1,1,0
BRDA:38,2,0,0
BRDA:38,2,1,0
BRDA:50,3,0,0
BRDA:50,3,1,0
BRF:8
BRH:1
end_of_record
TN:
SF:src\hooks\useSocketEvent.ts
FN:9,useSocketEvent
FN:20,(anonymous_1)
FN:23,(anonymous_2)
FN:28,(anonymous_3)
FNF:4
FNH:4
FNDA:368,useSocketEvent
FNDA:167,(anonymous_1)
FNDA:26,(anonymous_2)
FNDA:167,(anonymous_3)
DA:17,368
DA:18,368
DA:20,368
DA:23,167
DA:24,26
DA:25,167
DA:26,167
DA:27,167
DA:28,167
DA:29,167
LF:10
LH:10
BRF:0
BRH:0
end_of_record
TN:
SF:src\hooks\useToast.ts
FN:20,(anonymous_0)
FN:23,(anonymous_1)
FN:25,(anonymous_2)
FN:27,(anonymous_3)
FN:30,(anonymous_4)
FN:31,(anonymous_5)
FN:31,(anonymous_6)
FN:32,(anonymous_7)
FN:44,useToast
FN:45,(anonymous_9)
FN:46,(anonymous_10)
FN:48,(anonymous_11)
FN:50,(anonymous_12)
FN:51,(anonymous_13)
FN:52,(anonymous_14)
FN:53,(anonymous_15)
FNF:16
FNH:16
FNDA:45,(anonymous_0)
FNDA:24,(anonymous_1)
FNDA:45,(anonymous_2)
FNDA:45,(anonymous_3)
FNDA:3,(anonymous_4)
FNDA:3,(anonymous_5)
FNDA:3,(anonymous_6)
FNDA:16,(anonymous_7)
FNDA:566,useToast
FNDA:1748,(anonymous_9)
FNDA:1748,(anonymous_10)
FNDA:167,(anonymous_11)
FNDA:1,(anonymous_12)
FNDA:22,(anonymous_13)
FNDA:14,(anonymous_14)
FNDA:4,(anonymous_15)
DA:19,24
DA:20,45
DA:23,24
DA:26,45
DA:27,45
DA:28,45
DA:31,3
DA:32,16
DA:45,1748
DA:46,1748
DA:48,566
DA:49,167
DA:50,1
DA:51,22
DA:52,14
DA:53,4
LF:16
LH:16
BRDA:25,0,0,45
BRF:1
BRH:1
end_of_record
TN:
SF:src\layouts\AppLayout.tsx
FN:23,AppLayout
FN:26,(anonymous_1)
FN:32,(anonymous_2)
FN:35,(anonymous_3)
FN:39,(anonymous_4)
FN:44,(anonymous_5)
FNF:6
FNH:0
FNDA:0,AppLayout
FNDA:0,(anonymous_1)
FNDA:0,(anonymous_2)
FNDA:0,(anonymous_3)
FNDA:0,(anonymous_4)
FNDA:0,(anonymous_5)
DA:24,0
DA:25,0
DA:26,0
DA:28,0
DA:29,0
DA:30,0
DA:32,0
DA:33,0
DA:36,0
DA:37,0
DA:39,0
DA:44,0
DA:46,0
LF:13
LH:0
BRDA:37,0,0,0
BRDA:37,0,1,0
BRDA:62,1,0,0
BRDA:62,1,1,0
BRDA:69,2,0,0
BRDA:69,2,1,0
BRF:6
BRH:0
end_of_record
TN:
SF:src\layouts\AuthLayout.tsx
FN:9,AuthLayout
FNF:1
FNH:1
FNDA:7,AuthLayout
DA:10,7
LF:1
LH:1
BRF:0
BRH:0
end_of_record
TN:
SF:src\layouts\overlayContext.tsx
FN:26,useOverlay
FNF:1
FNH:1
FNDA:87,useOverlay
DA:23,4
DA:27,87
DA:28,87
DA:29,0
DA:31,87
LF:5
LH:4
BRDA:28,0,0,0
BRDA:28,0,1,87
BRF:2
BRH:1
end_of_record
TN:
SF:src\lib\axios.ts
FN:16,(anonymous_0)
FN:27,(anonymous_1)
FN:29,(anonymous_2)
FNF:3
FNH:3
FNDA:182,(anonymous_0)
FNDA:154,(anonymous_1)
FNDA:28,(anonymous_2)
DA:10,33
DA:16,33
DA:17,182
DA:18,182
DA:19,75
DA:21,182
DA:27,33
DA:28,154
DA:30,28
DA:31,28
DA:32,1
DA:33,1
DA:34,1
DA:35,1
DA:36,1
DA:37,1
DA:39,0
DA:40,0
DA:43,27
LF:19
LH:17
BRDA:18,0,0,75
BRDA:18,0,1,107
BRDA:31,1,0,1
BRDA:31,1,1,27
BRDA:31,2,0,28
BRDA:31,2,1,2
BRDA:31,2,2,2
BRF:7
BRH:7
end_of_record
TN:
SF:src\lib\placeholder.ts
FNF:0
FNH:0
DA:15,0
DA:23,0
DA:31,0
DA:49,0
DA:79,0
DA:126,0
DA:133,0
LF:7
LH:0
BRF:0
BRH:0
end_of_record
TN:
SF:src\lib\queryClient.ts
FNF:0
FNH:0
DA:4,0
LF:1
LH:0
BRF:0
BRH:0
end_of_record
TN:
SF:src\mocks\handlers.ts
FN:201,(anonymous_0)
FN:205,(anonymous_1)
FN:222,(anonymous_2)
FN:236,(anonymous_3)
FN:241,(anonymous_4)
FN:244,(anonymous_5)
FN:251,(anonymous_6)
FN:253,(anonymous_7)
FN:262,(anonymous_8)
FN:265,(anonymous_9)
FN:268,(anonymous_10)
FN:274,(anonymous_11)
FN:277,(anonymous_12)
FN:280,(anonymous_13)
FN:285,(anonymous_14)
FN:295,(anonymous_15)
FN:300,(anonymous_16)
FN:304,(anonymous_17)
FN:308,(anonymous_18)
FN:312,(anonymous_19)
FN:317,(anonymous_20)
FN:322,(anonymous_21)
FN:324,(anonymous_22)
FN:329,(anonymous_23)
FN:332,(anonymous_24)
FN:337,(anonymous_25)
FN:344,(anonymous_26)
FN:352,(anonymous_27)
FN:359,(anonymous_28)
FN:364,(anonymous_29)
FN:393,(anonymous_30)
FN:414,(anonymous_31)
FN:419,(anonymous_32)
FN:437,(anonymous_33)
FN:462,(anonymous_34)
FN:479,(anonymous_35)
FN:483,(anonymous_36)
FN:499,(anonymous_37)
FN:501,(anonymous_38)
FN:502,(anonymous_39)
FN:516,(anonymous_40)
FN:519,(anonymous_41)
FN:526,(anonymous_42)
FN:530,(anonymous_43)
FN:537,(anonymous_44)
FN:541,(anonymous_45)
FN:552,(anonymous_46)
FN:568,(anonymous_47)
FN:581,(anonymous_48)
FN:587,(anonymous_49)
FN:597,(anonymous_50)
FN:602,(anonymous_51)
FN:605,(anonymous_52)
FN:608,(anonymous_53)
FNF:54
FNH:47
FNDA:4,(anonymous_0)
FNDA:4,(anonymous_1)
FNDA:2,(anonymous_2)
FNDA:1,(anonymous_3)
FNDA:2,(anonymous_4)
FNDA:1,(anonymous_5)
FNDA:18,(anonymous_6)
FNDA:1,(anonymous_7)
FNDA:1,(anonymous_8)
FNDA:1,(anonymous_9)
FNDA:2,(anonymous_10)
FNDA:4,(anonymous_11)
FNDA:8,(anonymous_12)
FNDA:12,(anonymous_13)
FNDA:4,(anonymous_14)
FNDA:14,(anonymous_15)
FNDA:0,(anonymous_16)
FNDA:2,(anonymous_17)
FNDA:3,(anonymous_18)
FNDA:2,(anonymous_19)
FNDA:2,(anonymous_20)
FNDA:2,(anonymous_21)
FNDA:2,(anonymous_22)
FNDA:2,(anonymous_23)
FNDA:1,(anonymous_24)
FNDA:21,(anonymous_25)
FNDA:0,(anonymous_26)
FNDA:0,(anonymous_27)
FNDA:0,(anonymous_28)
FNDA:6,(anonymous_29)
FNDA:1,(anonymous_30)
FNDA:1,(anonymous_31)
FNDA:1,(anonymous_32)
FNDA:7,(anonymous_33)
FNDA:1,(anonymous_34)
FNDA:1,(anonymous_35)
FNDA:10,(anonymous_36)
FNDA:1,(anonymous_37)
FNDA:1,(anonymous_38)
FNDA:1,(anonymous_39)
FNDA:1,(anonymous_40)
FNDA:2,(anonymous_41)
FNDA:1,(anonymous_42)
FNDA:0,(anonymous_43)
FNDA:0,(anonymous_44)
FNDA:3,(anonymous_45)
FNDA:0,(anonymous_46)
FNDA:2,(anonymous_47)
FNDA:1,(anonymous_48)
FNDA:1,(anonymous_49)
FNDA:2,(anonymous_50)
FNDA:3,(anonymous_51)
FNDA:7,(anonymous_52)
FNDA:5,(anonymous_53)
DA:15,50
DA:17,50
DA:28,50
DA:48,50
DA:57,50
DA:76,50
DA:90,50
DA:116,50
DA:118,50
DA:128,50
DA:155,50
DA:167,50
DA:201,50
DA:203,50
DA:206,4
DA:207,4
DA:208,1
DA:212,3
DA:213,2
DA:218,1
DA:223,2
DA:224,2
DA:225,1
DA:229,1
DA:237,1
DA:241,2
DA:245,1
DA:251,18
DA:254,1
DA:258,1
DA:263,1
DA:265,1
DA:269,2
DA:270,2
DA:275,4
DA:276,4
DA:277,8
DA:278,4
DA:279,4
DA:282,12
DA:285,4
DA:291,4
DA:296,14
DA:301,0
DA:305,2
DA:309,3
DA:313,2
DA:318,2
DA:323,2
DA:324,2
DA:325,2
DA:330,2
DA:333,1
DA:338,21
DA:345,0
DA:346,0
DA:353,0
DA:360,0
DA:365,6
DA:366,6
DA:390,6
DA:394,1
DA:398,1
DA:399,1
DA:411,1
DA:415,1
DA:420,1
DA:425,1
DA:434,1
DA:438,7
DA:459,7
DA:463,1
DA:467,1
DA:476,1
DA:480,1
DA:484,10
DA:496,10
DA:500,1
DA:501,1
DA:502,1
DA:513,1
DA:517,1
DA:518,1
DA:519,2
DA:523,1
DA:527,1
DA:531,0
DA:538,0
DA:542,3
DA:553,0
DA:569,2
DA:582,1
DA:589,1
DA:598,2
DA:603,3
DA:606,7
DA:609,5
LF:97
LH:89
BRDA:207,0,0,1
BRDA:207,0,1,3
BRDA:212,1,0,2
BRDA:212,1,1,1
BRDA:224,2,0,1
BRDA:224,2,1,1
BRDA:276,3,0,4
BRDA:276,3,1,0
BRDA:282,4,0,12
BRDA:282,4,1,8
BRDA:287,5,0,2
BRDA:287,5,1,2
BRDA:324,6,0,2
BRDA:324,6,1,0
BRDA:409,7,0,1
BRDA:409,7,1,0
BRDA:428,8,0,1
BRDA:428,8,1,1
BRDA:431,9,0,1
BRDA:431,9,1,0
BRDA:469,10,0,1
BRDA:469,10,1,0
BRDA:470,11,0,1
BRDA:470,11,1,0
BRDA:486,12,0,0
BRDA:486,12,1,10
BRDA:502,13,0,1
BRDA:502,13,1,0
BRDA:519,14,0,1
BRDA:519,14,1,0
BRF:30
BRH:21
end_of_record
TN:
SF:src\mocks\server.ts
FNF:0
FNH:0
DA:5,50
LF:1
LH:1
BRF:0
BRH:0
end_of_record
TN:
SF:src\pages\HomePage.tsx
FN:8,HomePage
FN:18,HomeEmptyState
FN:30,(anonymous_2)
FN:33,(anonymous_3)
FNF:4
FNH:4
FNDA:3,HomePage
FNDA:3,HomeEmptyState
FNDA:1,(anonymous_2)
FNDA:1,(anonymous_3)
DA:9,3
DA:11,3
DA:12,0
DA:15,3
DA:19,3
DA:21,3
DA:30,1
DA:33,1
LF:8
LH:7
BRDA:11,0,0,0
BRDA:11,0,1,3
BRF:2
BRH:1
end_of_record
TN:
SF:src\pages\LoginPage.tsx
FN:17,LoginPage
FN:27,(anonymous_1)
FN:31,(anonymous_2)
FN:61,(anonymous_3)
FN:65,(anonymous_4)
FNF:5
FNH:3
FNDA:8,LoginPage
FNDA:6,(anonymous_1)
FNDA:1,(anonymous_2)
FNDA:0,(anonymous_3)
FNDA:0,(anonymous_4)
DA:12,1
DA:18,8
DA:19,8
DA:20,8
DA:22,8
DA:27,8
DA:28,6
DA:31,8
DA:32,1
DA:33,1
DA:37,8
DA:41,8
DA:61,0
DA:65,0
LF:14
LH:12
BRDA:23,0,0,2
BRDA:23,0,1,6
BRDA:28,1,0,2
BRDA:28,1,1,4
BRDA:33,2,0,1
BRDA:33,2,1,0
BRDA:37,3,0,1
BRDA:37,3,1,7
BRDA:59,4,0,4
BRDA:59,4,1,4
BRDA:62,5,0,1
BRDA:62,5,1,3
BRF:12
BRH:11
end_of_record
TN:
SF:src\pages\ResetPasswordPage.tsx
FNF:0
FNH:0
LF:0
LH:0
BRF:0
BRH:0
end_of_record
TN:
SF:src\pages\SettingsPage.tsx
FN:26,SettingsPage
FN:30,(anonymous_1)
FN:32,(anonymous_2)
FN:33,onKeyDown
FN:37,(anonymous_4)
FN:56,(anonymous_5)
FN:61,(anonymous_6)
FNF:7
FNH:7
FNDA:5,SettingsPage
FNDA:2,(anonymous_1)
FNDA:4,(anonymous_2)
FNDA:1,onKeyDown
FNDA:4,(anonymous_4)
FNDA:20,(anonymous_5)
FNDA:1,(anonymous_6)
DA:15,1
DA:27,5
DA:28,5
DA:30,5
DA:32,5
DA:34,1
DA:36,4
DA:37,4
DA:41,5
DA:57,20
DA:61,1
LF:11
LH:11
BRDA:34,0,0,1
BRDA:34,0,1,0
BRDA:60,1,0,5
BRDA:60,1,1,15
BRDA:65,2,0,5
BRDA:65,2,1,15
BRDA:79,3,0,5
BRDA:79,3,1,4
BRDA:80,4,0,5
BRDA:80,4,1,1
BRDA:81,5,0,5
BRDA:81,5,1,0
BRDA:82,6,0,5
BRDA:82,6,1,0
BRF:14
BRH:11
end_of_record
TN:
SF:src\router\ProtectedRoute.tsx
FN:9,ProtectedRoute
FN:10,(anonymous_1)
FNF:2
FNH:2
FNDA:2,ProtectedRoute
FNDA:6,(anonymous_1)
DA:10,6
DA:11,2
DA:13,2
DA:14,1
DA:15,1
DA:18,1
LF:6
LH:6
BRDA:13,0,0,1
BRDA:13,0,1,1
BRF:2
BRH:2
end_of_record
TN:
SF:src\router\index.tsx
FNF:0
FNH:0
DA:9,0
LF:1
LH:0
BRF:0
BRH:0
end_of_record
TN:
SF:src\store\authStore.ts
FN:8,createMemoryStorage
FN:11,length
FN:14,(anonymous_2)
FN:15,(anonymous_3)
FN:16,(anonymous_4)
FN:17,(anonymous_5)
FN:18,(anonymous_6)
FN:38,(anonymous_7)
FN:43,(anonymous_8)
FN:45,(anonymous_9)
FN:46,(anonymous_10)
FN:47,(anonymous_11)
FN:52,(anonymous_12)
FN:57,(anonymous_13)
FN:60,(anonymous_14)
FNF:15
FNH:11
FNDA:50,createMemoryStorage
FNDA:0,length
FNDA:0,(anonymous_2)
FNDA:50,(anonymous_3)
FNDA:0,(anonymous_4)
FNDA:0,(anonymous_5)
FNDA:405,(anonymous_6)
FNDA:50,(anonymous_7)
FNDA:29,(anonymous_8)
FNDA:2,(anonymous_9)
FNDA:11,(anonymous_10)
FNDA:11,(anonymous_11)
FNDA:321,(anonymous_12)
FNDA:50,(anonymous_13)
FNDA:405,(anonymous_14)
DA:9,50
DA:10,50
DA:12,0
DA:14,0
DA:15,50
DA:16,0
DA:17,0
DA:18,405
DA:23,50
DA:37,50
DA:39,50
DA:44,29
DA:45,2
DA:47,11
DA:48,11
DA:53,321
DA:57,50
DA:60,405
LF:18
LH:14
BRDA:15,0,0,50
BRDA:15,0,1,50
BRDA:16,1,0,0
BRDA:16,1,1,0
BRDA:23,2,0,0
BRDA:23,2,1,50
BRDA:48,3,0,10
BRDA:48,3,1,1
BRF:8
BRH:5
end_of_record
TN:
SF:src\store\socketStore.ts
FN:11,(anonymous_0)
FN:13,(anonymous_1)
FNF:2
FNH:1
FNDA:9,(anonymous_0)
FNDA:0,(anonymous_1)
DA:11,9
DA:13,0
LF:2
LH:1
BRF:0
BRH:0
end_of_record
TN:
SF:src\store\uiStore.ts
FN:11,(anonymous_0)
FN:13,(anonymous_1)
FN:15,(anonymous_2)
FNF:3
FNH:0
FNDA:0,(anonymous_0)
FNDA:0,(anonymous_1)
FNDA:0,(anonymous_2)
DA:11,0
DA:13,0
DA:15,0
LF:3
LH:0
BRF:0
BRH:0
end_of_record
TN:
SF:src\styles\globals.css
FNF:0
FNH:0
LF:0
LH:0
BRF:0
BRH:0
end_of_record
TN:
SF:src\test\render.tsx
FN:12,renderWithProviders
FN:18,Wrapper
FNF:2
FNH:2
FNDA:71,renderWithProviders
FNDA:71,Wrapper
DA:13,71
DA:14,71
DA:19,71
DA:26,71
LF:4
LH:4
BRDA:12,0,0,71
BRDA:13,1,0,71
BRF:2
BRH:2
end_of_record
TN:
SF:src\types\api.generated.ts
FNF:0
FNH:0
LF:0
LH:0
BRF:0
BRH:0
end_of_record
TN:
SF:src\types\api.ts
FNF:0
FNH:0
LF:0
LH:0
BRF:0
BRH:0
end_of_record
TN:
SF:src\types\entities.ts
FNF:0
FNH:0
LF:0
LH:0
BRF:0
BRH:0
end_of_record
TN:
SF:src\types\socket.ts
FNF:0
FNH:0
LF:0
LH:0
BRF:0
BRH:0
end_of_record
TN:
SF:src\utils\assert.ts
FNF:0
FNH:0
LF:0
LH:0
BRF:0
BRH:0
end_of_record
TN:
SF:src\utils\cn.ts
FN:6,cn
FNF:1
FNH:1
FNDA:4130,cn
DA:7,4130
LF:1
LH:1
BRF:0
BRH:0
end_of_record
TN:
SF:src\utils\formatDate.ts
FN:5,formatRelative
FN:24,formatTime
FNF:2
FNH:2
FNDA:30,formatRelative
FNDA:1,formatTime
DA:6,30
DA:7,30
DA:8,30
DA:9,30
DA:10,30
DA:11,30
DA:12,30
DA:14,30
DA:15,25
DA:16,9
DA:17,5
DA:18,4
DA:20,1
DA:25,1
LF:14
LH:14
BRDA:14,0,0,5
BRDA:14,0,1,25
BRDA:15,1,0,16
BRDA:15,1,1,9
BRDA:16,2,0,4
BRDA:16,2,1,5
BRDA:17,3,0,4
BRDA:17,3,1,1
BRF:8
BRH:8
end_of_record
